{"meta": {"format": 3, "version": "7.12.0", "timestamp": "2025-11-23T12:50:39.225322", "branch_coverage": false, "show_contexts": false}, "files": {"core\\__init__.py": {"executed_lines": [1, 30, 31, 35, 36, 40, 41, 42, 43, 45, 46, 47, 48, 50, 51, 55], "summary": {"covered_lines": 15, "num_statements": 21, "percent_covered": 71.42857142857143, "percent_covered_display": "71", "missing_lines": 6, "excluded_lines": 0, "percent_statements_covered": 71.42857142857143, "percent_statements_covered_display": "71"}, "missing_lines": [32, 33, 37, 38, 52, 53], "excluded_lines": [], "functions": {"": {"executed_lines": [1, 30, 31, 35, 36, 40, 41, 42, 43, 45, 46, 47, 48, 50, 51, 55], "summary": {"covered_lines": 15, "num_statements": 21, "percent_covered": 71.42857142857143, "percent_covered_display": "71", "missing_lines": 6, "excluded_lines": 0, "percent_statements_covered": 71.42857142857143, "percent_statements_covered_display": "71"}, "missing_lines": [32, 33, 37, 38, 52, 53], "excluded_lines": []}}, "classes": {"": {"executed_lines": [1, 30, 31, 35, 36, 40, 41, 42, 43, 45, 46, 47, 48, 50, 51, 55], "summary": {"covered_lines": 15, "num_statements": 21, "percent_covered": 71.42857142857143, "percent_covered_display": "71", "missing_lines": 6, "excluded_lines": 0, "percent_statements_covered": 71.42857142857143, "percent_statements_covered_display": "71"}, "missing_lines": [32, 33, 37, 38, 52, 53], "excluded_lines": []}}}, "core\\adapters\\__init__.py": {"executed_lines": [1, 6, 7, 8, 10], "summary": {"covered_lines": 4, "num_statements": 4, "percent_covered": 100.0, "percent_covered_display": "100", "missing_lines": 0, "excluded_lines": 0, "percent_statements_covered": 100.0, "percent_statements_covered_display": "100"}, "missing_lines": [], "excluded_lines": [], "functions": {"": {"executed_lines": [1, 6, 7, 8, 10], "summary": {"covered_lines": 4, "num_statements": 4, "percent_covered": 100.0, "percent_covered_display": "100", "missing_lines": 0, "excluded_lines": 0, "percent_statements_covered": 100.0, "percent_statements_covered_display": "100"}, "missing_lines": [], "excluded_lines": []}}, "classes": {"": {"executed_lines": [1, 6, 7, 8, 10], "summary": {"covered_lines": 4, "num_statements": 4, "percent_covered": 100.0, "percent_covered_display": "100", "missing_lines": 0, "excluded_lines": 0, "percent_statements_covered": 100.0, "percent_statements_covered_display": "100"}, "missing_lines": [], "excluded_lines": []}}}, "core\\adapters\\base.py": {"executed_lines": [1, 6, 7, 8, 9, 12, 13, 14, 16, 17, 18, 19, 20, 21, 23, 25, 28, 29, 30, 33, 34, 35, 37, 39, 41, 42, 43, 45, 47, 48, 49, 52, 53, 54, 56, 57, 58, 59, 60, 61, 62, 64, 66, 77, 78, 84, 85, 87, 88, 104, 105, 116, 118, 120, 122], "summary": {"covered_lines": 51, "num_statements": 53, "percent_covered": 96.22641509433963, "percent_covered_display": "96", "missing_lines": 2, "excluded_lines": 0, "percent_statements_covered": 96.22641509433963, "percent_statements_covered_display": "96"}, "missing_lines": [102, 114], "excluded_lines": [], "functions": {"ToolConfig.supports_task": {"executed_lines": [25, 28, 29, 30, 33, 34, 35, 37], "summary": {"covered_lines": 8, "num_statements": 8, "percent_covered": 100.0, "percent_covered_display": "100", "missing_lines": 0, "excluded_lines": 0, "percent_statements_covered": 100.0, "percent_statements_covered_display": "100"}, "missing_lines": [], "excluded_lines": []}, "ToolConfig.get_timeout": {"executed_lines": [41, 42, 43], "summary": {"covered_lines": 3, "num_statements": 3, "percent_covered": 100.0, "percent_covered_display": "100", "missing_lines": 0, "excluded_lines": 0, "percent_statements_covered": 100.0, "percent_statements_covered_display": "100"}, "missing_lines": [], "excluded_lines": []}, "ToolConfig.get_max_parallel": {"executed_lines": [47, 48, 49], "summary": {"covered_lines": 3, "num_statements": 3, "percent_covered": 100.0, "percent_covered_display": "100", "missing_lines": 0, "excluded_lines": 0, "percent_statements_covered": 100.0, "percent_statements_covered_display": "100"}, "missing_lines": [], "excluded_lines": []}, "ExecutionResult.to_dict": {"executed_lines": [66], "summary": {"covered_lines": 1, "num_statements": 1, "percent_covered": 100.0, "percent_covered_display": "100", "missing_lines": 0, "excluded_lines": 0, "percent_statements_covered": 100.0, "percent_statements_covered_display": "100"}, "missing_lines": [], "excluded_lines": []}, "ToolAdapter.__init__": {"executed_lines": [85], "summary": {"covered_lines": 1, "num_statements": 1, "percent_covered": 100.0, "percent_covered_display": "100", "missing_lines": 0, "excluded_lines": 0, "percent_statements_covered": 100.0, "percent_statements_covered_display": "100"}, "missing_lines": [], "excluded_lines": []}, "ToolAdapter.execute": {"executed_lines": [], "summary": {"covered_lines": 0, "num_statements": 1, "percent_covered": 0.0, "percent_covered_display": "0", "missing_lines": 1, "excluded_lines": 0, "percent_statements_covered": 0.0, "percent_statements_covered_display": "0"}, "missing_lines": [102], "excluded_lines": []}, "ToolAdapter.validate_request": {"executed_lines": [], "summary": {"covered_lines": 0, "num_statements": 1, "percent_covered": 0.0, "percent_covered_display": "0", "missing_lines": 1, "excluded_lines": 0, "percent_statements_covered": 0.0, "percent_statements_covered_display": "0"}, "missing_lines": [114], "excluded_lines": []}, "ToolAdapter.supports_task": {"executed_lines": [118], "summary": {"covered_lines": 1, "num_statements": 1, "percent_covered": 100.0, "percent_covered_display": "100", "missing_lines": 0, "excluded_lines": 0, "percent_statements_covered": 100.0, "percent_statements_covered_display": "100"}, "missing_lines": [], "excluded_lines": []}, "ToolAdapter.get_timeout": {"executed_lines": [122], "summary": {"covered_lines": 1, "num_statements": 1, "percent_covered": 100.0, "percent_covered_display": "100", "missing_lines": 0, "excluded_lines": 0, "percent_statements_covered": 100.0, "percent_statements_covered_display": "100"}, "missing_lines": [], "excluded_lines": []}, "": {"executed_lines": [1, 6, 7, 8, 9, 12, 13, 14, 16, 17, 18, 19, 20, 21, 23, 39, 45, 52, 53, 54, 56, 57, 58, 59, 60, 61, 62, 64, 77, 78, 84, 87, 88, 104, 105, 116, 120], "summary": {"covered_lines": 33, "num_statements": 33, "percent_covered": 100.0, "percent_covered_display": "100", "missing_lines": 0, "excluded_lines": 0, "percent_statements_covered": 100.0, "percent_statements_covered_display": "100"}, "missing_lines": [], "excluded_lines": []}}, "classes": {"ToolConfig": {"executed_lines": [25, 28, 29, 30, 33, 34, 35, 37, 41, 42, 43, 47, 48, 49], "summary": {"covered_lines": 14, "num_statements": 14, "percent_covered": 100.0, "percent_covered_display": "100", "missing_lines": 0, "excluded_lines": 0, "percent_statements_covered": 100.0, "percent_statements_covered_display": "100"}, "missing_lines": [], "excluded_lines": []}, "ExecutionResult": {"executed_lines": [66], "summary": {"covered_lines": 1, "num_statements": 1, "percent_covered": 100.0, "percent_covered_display": "100", "missing_lines": 0, "excluded_lines": 0, "percent_statements_covered": 100.0, "percent_statements_covered_display": "100"}, "missing_lines": [], "excluded_lines": []}, "ToolAdapter": {"executed_lines": [85, 118, 122], "summary": {"covered_lines": 3, "num_statements": 5, "percent_covered": 60.0, "percent_covered_display": "60", "missing_lines": 2, "excluded_lines": 0, "percent_statements_covered": 60.0, "percent_statements_covered_display": "60"}, "missing_lines": [102, 114], "excluded_lines": []}, "": {"executed_lines": [1, 6, 7, 8, 9, 12, 13, 14, 16, 17, 18, 19, 20, 21, 23, 39, 45, 52, 53, 54, 56, 57, 58, 59, 60, 61, 62, 64, 77, 78, 84, 87, 88, 104, 105, 116, 120], "summary": {"covered_lines": 33, "num_statements": 33, "percent_covered": 100.0, "percent_covered_display": "100", "missing_lines": 0, "excluded_lines": 0, "percent_statements_covered": 100.0, "percent_statements_covered_display": "100"}, "missing_lines": [], "excluded_lines": []}}}, "core\\adapters\\registry.py": {"executed_lines": [1, 6, 7, 8, 9, 10, 13, 14, 19, 20, 21, 23, 24, 26, 32, 33, 36, 37, 38, 49, 50, 52, 59, 61, 70, 72, 86, 87, 88, 89, 90, 92, 94, 96, 105, 106], "summary": {"covered_lines": 34, "num_statements": 34, "percent_covered": 100.0, "percent_covered_display": "100", "missing_lines": 0, "excluded_lines": 0, "percent_statements_covered": 100.0, "percent_statements_covered_display": "100"}, "missing_lines": [], "excluded_lines": [], "functions": {"AdapterRegistry.__init__": {"executed_lines": [20, 21, 23, 24], "summary": {"covered_lines": 4, "num_statements": 4, "percent_covered": 100.0, "percent_covered_display": "100", "missing_lines": 0, "excluded_lines": 0, "percent_statements_covered": 100.0, "percent_statements_covered_display": "100"}, "missing_lines": [], "excluded_lines": []}, "AdapterRegistry.load_from_config": {"executed_lines": [32, 33, 36, 37, 38, 49, 50], "summary": {"covered_lines": 7, "num_statements": 7, "percent_covered": 100.0, "percent_covered_display": "100", "missing_lines": 0, "excluded_lines": 0, "percent_statements_covered": 100.0, "percent_statements_covered_display": "100"}, "missing_lines": [], "excluded_lines": []}, "AdapterRegistry.register": {"executed_lines": [59], "summary": {"covered_lines": 1, "num_statements": 1, "percent_covered": 100.0, "percent_covered_display": "100", "missing_lines": 0, "excluded_lines": 0, "percent_statements_covered": 100.0, "percent_statements_covered_display": "100"}, "missing_lines": [], "excluded_lines": []}, "AdapterRegistry.get": {"executed_lines": [70], "summary": {"covered_lines": 1, "num_statements": 1, "percent_covered": 100.0, "percent_covered_display": "100", "missing_lines": 0, "excluded_lines": 0, "percent_statements_covered": 100.0, "percent_statements_covered_display": "100"}, "missing_lines": [], "excluded_lines": []}, "AdapterRegistry.find_for_task": {"executed_lines": [86, 87, 88, 89, 90], "summary": {"covered_lines": 5, "num_statements": 5, "percent_covered": 100.0, "percent_covered_display": "100", "missing_lines": 0, "excluded_lines": 0, "percent_statements_covered": 100.0, "percent_statements_covered_display": "100"}, "missing_lines": [], "excluded_lines": []}, "AdapterRegistry.list_tools": {"executed_lines": [94], "summary": {"covered_lines": 1, "num_statements": 1, "percent_covered": 100.0, "percent_covered_display": "100", "missing_lines": 0, "excluded_lines": 0, "percent_statements_covered": 100.0, "percent_statements_covered_display": "100"}, "missing_lines": [], "excluded_lines": []}, "AdapterRegistry.get_config": {"executed_lines": [105, 106], "summary": {"covered_lines": 2, "num_statements": 2, "percent_covered": 100.0, "percent_covered_display": "100", "missing_lines": 0, "excluded_lines": 0, "percent_statements_covered": 100.0, "percent_statements_covered_display": "100"}, "missing_lines": [], "excluded_lines": []}, "": {"executed_lines": [1, 6, 7, 8, 9, 10, 13, 14, 19, 26, 52, 61, 72, 92, 96], "summary": {"covered_lines": 13, "num_statements": 13, "percent_covered": 100.0, "percent_covered_display": "100", "missing_lines": 0, "excluded_lines": 0, "percent_statements_covered": 100.0, "percent_statements_covered_display": "100"}, "missing_lines": [], "excluded_lines": []}}, "classes": {"AdapterRegistry": {"executed_lines": [20, 21, 23, 24, 32, 33, 36, 37, 38, 49, 50, 59, 70, 86, 87, 88, 89, 90, 94, 105, 106], "summary": {"covered_lines": 21, "num_statements": 21, "percent_covered": 100.0, "percent_covered_display": "100", "missing_lines": 0, "excluded_lines": 0, "percent_statements_covered": 100.0, "percent_statements_covered_display": "100"}, "missing_lines": [], "excluded_lines": []}, "": {"executed_lines": [1, 6, 7, 8, 9, 10, 13, 14, 19, 26, 52, 61, 72, 92, 96], "summary": {"covered_lines": 13, "num_statements": 13, "percent_covered": 100.0, "percent_covered_display": "100", "missing_lines": 0, "excluded_lines": 0, "percent_statements_covered": 100.0, "percent_statements_covered_display": "100"}, "missing_lines": [], "excluded_lines": []}}}, "core\\adapters\\subprocess_adapter.py": {"executed_lines": [1, 6, 7, 8, 9, 12, 13, 22, 23, 25, 27, 28, 30, 44, 45, 51, 54, 57, 58, 59, 67, 69, 81, 82, 83, 110, 120, 127], "summary": {"covered_lines": 26, "num_statements": 29, "percent_covered": 89.65517241379311, "percent_covered_display": "90", "missing_lines": 3, "excluded_lines": 0, "percent_statements_covered": 89.65517241379311, "percent_statements_covered_display": "90"}, "missing_lines": [97, 98, 99], "excluded_lines": [], "functions": {"SubprocessAdapter.__init__": {"executed_lines": [23], "summary": {"covered_lines": 1, "num_statements": 1, "percent_covered": 100.0, "percent_covered_display": "100", "missing_lines": 0, "excluded_lines": 0, "percent_statements_covered": 100.0, "percent_statements_covered_display": "100"}, "missing_lines": [], "excluded_lines": []}, "SubprocessAdapter.validate_request": {"executed_lines": [27, 28], "summary": {"covered_lines": 2, "num_statements": 2, "percent_covered": 100.0, "percent_covered_display": "100", "missing_lines": 0, "excluded_lines": 0, "percent_statements_covered": 100.0, "percent_statements_covered_display": "100"}, "missing_lines": [], "excluded_lines": []}, "SubprocessAdapter.execute": {"executed_lines": [44, 45, 51, 54, 57, 58, 59, 67, 69, 81, 82, 83], "summary": {"covered_lines": 12, "num_statements": 15, "percent_covered": 80.0, "percent_covered_display": "80", "missing_lines": 3, "excluded_lines": 0, "percent_statements_covered": 80.0, "percent_statements_covered_display": "80"}, "missing_lines": [97, 98, 99], "excluded_lines": []}, "SubprocessAdapter._build_command": {"executed_lines": [120, 127], "summary": {"covered_lines": 2, "num_statements": 2, "percent_covered": 100.0, "percent_covered_display": "100", "missing_lines": 0, "excluded_lines": 0, "percent_statements_covered": 100.0, "percent_statements_covered_display": "100"}, "missing_lines": [], "excluded_lines": []}, "": {"executed_lines": [1, 6, 7, 8, 9, 12, 13, 22, 25, 30, 110], "summary": {"covered_lines": 9, "num_statements": 9, "percent_covered": 100.0, "percent_covered_display": "100", "missing_lines": 0, "excluded_lines": 0, "percent_statements_covered": 100.0, "percent_statements_covered_display": "100"}, "missing_lines": [], "excluded_lines": []}}, "classes": {"SubprocessAdapter": {"executed_lines": [23, 27, 28, 44, 45, 51, 54, 57, 58, 59, 67, 69, 81, 82, 83, 120, 127], "summary": {"covered_lines": 17, "num_statements": 20, "percent_covered": 85.0, "percent_covered_display": "85", "missing_lines": 3, "excluded_lines": 0, "percent_statements_covered": 85.0, "percent_statements_covered_display": "85"}, "missing_lines": [97, 98, 99], "excluded_lines": []}, "": {"executed_lines": [1, 6, 7, 8, 9, 12, 13, 22, 25, 30, 110], "summary": {"covered_lines": 9, "num_statements": 9, "percent_covered": 100.0, "percent_covered_display": "100", "missing_lines": 0, "excluded_lines": 0, "percent_statements_covered": 100.0, "percent_statements_covered_display": "100"}, "missing_lines": [], "excluded_lines": []}}}, "core\\bootstrap\\__init__.py": {"executed_lines": [0], "summary": {"covered_lines": 0, "num_statements": 0, "percent_covered": 100.0, "percent_covered_display": "100", "missing_lines": 0, "excluded_lines": 0, "percent_statements_covered": 100.0, "percent_statements_covered_display": "100"}, "missing_lines": [], "excluded_lines": [], "functions": {"": {"executed_lines": [], "summary": {"covered_lines": 0, "num_statements": 0, "percent_covered": 100.0, "percent_covered_display": "100", "missing_lines": 0, "excluded_lines": 0, "percent_statements_covered": 100.0, "percent_statements_covered_display": "100"}, "missing_lines": [], "excluded_lines": []}}, "classes": {"": {"executed_lines": [], "summary": {"covered_lines": 0, "num_statements": 0, "percent_covered": 100.0, "percent_covered_display": "100", "missing_lines": 0, "excluded_lines": 0, "percent_statements_covered": 100.0, "percent_statements_covered_display": "100"}, "missing_lines": [], "excluded_lines": []}}}, "core\\bootstrap\\discovery.py": {"executed_lines": [1, 3, 4, 5, 6, 7, 9, 10, 12, 20, 23, 44, 60, 66, 74, 89], "summary": {"covered_lines": 14, "num_statements": 42, "percent_covered": 33.333333333333336, "percent_covered_display": "33", "missing_lines": 28, "excluded_lines": 0, "percent_statements_covered": 33.333333333333336, "percent_statements_covered_display": "33"}, "missing_lines": [21, 25, 26, 28, 46, 47, 48, 49, 51, 52, 53, 55, 62, 63, 64, 68, 76, 77, 79, 80, 82, 83, 84, 85, 87, 90, 91, 92], "excluded_lines": [], "functions": {"ProjectScanner.__init__": {"executed_lines": [], "summary": {"covered_lines": 0, "num_statements": 1, "percent_covered": 0.0, "percent_covered_display": "0", "missing_lines": 1, "excluded_lines": 0, "percent_statements_covered": 0.0, "percent_statements_covered_display": "0"}, "missing_lines": [21], "excluded_lines": []}, "ProjectScanner.scan": {"executed_lines": [], "summary": {"covered_lines": 0, "num_statements": 3, "percent_covered": 0.0, "percent_covered_display": "0", "missing_lines": 3, "excluded_lines": 0, "percent_statements_covered": 0.0, "percent_statements_covered_display": "0"}, "missing_lines": [25, 26, 28], "excluded_lines": []}, "ProjectScanner._detect_languages": {"executed_lines": [], "summary": {"covered_lines": 0, "num_statements": 8, "percent_covered": 0.0, "percent_covered_display": "0", "missing_lines": 8, "excluded_lines": 0, "percent_statements_covered": 0.0, "percent_statements_covered_display": "0"}, "missing_lines": [46, 47, 48, 49, 51, 52, 53, 55], "excluded_lines": []}, "ProjectScanner._detect_ci": {"executed_lines": [], "summary": {"covered_lines": 0, "num_statements": 3, "percent_covered": 0.0, "percent_covered_display": "0", "missing_lines": 3, "excluded_lines": 0, "percent_statements_covered": 0.0, "percent_statements_covered_display": "0"}, "missing_lines": [62, 63, 64], "excluded_lines": []}, "ProjectScanner._analyze_structure": {"executed_lines": [], "summary": {"covered_lines": 0, "num_statements": 1, "percent_covered": 0.0, "percent_covered_display": "0", "missing_lines": 1, "excluded_lines": 0, "percent_statements_covered": 0.0, "percent_statements_covered_display": "0"}, "missing_lines": [68], "excluded_lines": []}, "ProjectScanner._classify_domain": {"executed_lines": [], "summary": {"covered_lines": 0, "num_statements": 9, "percent_covered": 0.0, "percent_covered_display": "0", "missing_lines": 9, "excluded_lines": 0, "percent_statements_covered": 0.0, "percent_statements_covered_display": "0"}, "missing_lines": [76, 77, 79, 80, 82, 83, 84, 85, 87], "excluded_lines": []}, "": {"executed_lines": [1, 3, 4, 5, 6, 7, 9, 10, 12, 20, 23, 44, 60, 66, 74, 89], "summary": {"covered_lines": 14, "num_statements": 17, "percent_covered": 82.3529411764706, "percent_covered_display": "82", "missing_lines": 3, "excluded_lines": 0, "percent_statements_covered": 82.3529411764706, "percent_statements_covered_display": "82"}, "missing_lines": [90, 91, 92], "excluded_lines": []}}, "classes": {"ProjectScanner": {"executed_lines": [], "summary": {"covered_lines": 0, "num_statements": 25, "percent_covered": 0.0, "percent_covered_display": "0", "missing_lines": 25, "excluded_lines": 0, "percent_statements_covered": 0.0, "percent_statements_covered_display": "0"}, "missing_lines": [21, 25, 26, 28, 46, 47, 48, 49, 51, 52, 53, 55, 62, 63, 64, 68, 76, 77, 79, 80, 82, 83, 84, 85, 87], "excluded_lines": []}, "": {"executed_lines": [1, 3, 4, 5, 6, 7, 9, 10, 12, 20, 23, 44, 60, 66, 74, 89], "summary": {"covered_lines": 14, "num_statements": 17, "percent_covered": 82.3529411764706, "percent_covered_display": "82", "missing_lines": 3, "excluded_lines": 0, "percent_statements_covered": 82.3529411764706, "percent_statements_covered_display": "82"}, "missing_lines": [90, 91, 92], "excluded_lines": []}}}, "core\\bootstrap\\generator.py": {"executed_lines": [1, 2, 3, 5, 6, 12, 53], "summary": {"covered_lines": 6, "num_statements": 26, "percent_covered": 23.076923076923077, "percent_covered_display": "23", "missing_lines": 20, "excluded_lines": 0, "percent_statements_covered": 23.076923076923077, "percent_statements_covered_display": "23"}, "missing_lines": [7, 8, 9, 10, 14, 15, 18, 37, 38, 41, 48, 49, 51, 54, 55, 56, 57, 58, 59, 60], "excluded_lines": [], "functions": {"ArtifactGenerator.__init__": {"executed_lines": [], "summary": {"covered_lines": 0, "num_statements": 4, "percent_covered": 0.0, "percent_covered_display": "0", "missing_lines": 4, "excluded_lines": 0, "percent_statements_covered": 0.0, "percent_statements_covered_display": "0"}, "missing_lines": [7, 8, 9, 10], "excluded_lines": []}, "ArtifactGenerator.generate_all": {"executed_lines": [], "summary": {"covered_lines": 0, "num_statements": 9, "percent_covered": 0.0, "percent_covered_display": "0", "missing_lines": 9, "excluded_lines": 0, "percent_statements_covered": 0.0, "percent_statements_covered_display": "0"}, "missing_lines": [14, 15, 18, 37, 38, 41, 48, 49, 51], "excluded_lines": []}, "": {"executed_lines": [1, 2, 3, 5, 6, 12, 53], "summary": {"covered_lines": 6, "num_statements": 13, "percent_covered": 46.15384615384615, "percent_covered_display": "46", "missing_lines": 7, "excluded_lines": 0, "percent_statements_covered": 46.15384615384615, "percent_statements_covered_display": "46"}, "missing_lines": [54, 55, 56, 57, 58, 59, 60], "excluded_lines": []}}, "classes": {"ArtifactGenerator": {"executed_lines": [], "summary": {"covered_lines": 0, "num_statements": 13, "percent_covered": 0.0, "percent_covered_display": "0", "missing_lines": 13, "excluded_lines": 0, "percent_statements_covered": 0.0, "percent_statements_covered_display": "0"}, "missing_lines": [7, 8, 9, 10, 14, 15, 18, 37, 38, 41, 48, 49, 51], "excluded_lines": []}, "": {"executed_lines": [1, 2, 3, 5, 6, 12, 53], "summary": {"covered_lines": 6, "num_statements": 13, "percent_covered": 46.15384615384615, "percent_covered_display": "46", "missing_lines": 7, "excluded_lines": 0, "percent_statements_covered": 46.15384615384615, "percent_statements_covered_display": "46"}, "missing_lines": [54, 55, 56, 57, 58, 59, 60], "excluded_lines": []}}}, "core\\bootstrap\\orchestrator.py": {"executed_lines": [1, 2, 3, 4, 5, 6, 9, 12, 13, 14, 15, 18, 19, 21, 33, 124, 198, 213, 241, 267, 289], "summary": {"covered_lines": 19, "num_statements": 140, "percent_covered": 13.571428571428571, "percent_covered_display": "14", "missing_lines": 121, "excluded_lines": 0, "percent_statements_covered": 13.571428571428571, "percent_statements_covered_display": "14"}, "missing_lines": [10, 22, 23, 24, 27, 28, 29, 30, 31, 35, 38, 39, 40, 41, 42, 43, 44, 45, 46, 49, 50, 51, 52, 53, 54, 55, 56, 57, 60, 61, 62, 67, 68, 69, 70, 71, 72, 75, 76, 77, 82, 84, 85, 87, 88, 89, 90, 91, 93, 94, 96, 97, 99, 100, 103, 106, 107, 108, 110, 113, 114, 115, 116, 117, 118, 119, 121, 122, 128, 129, 130, 131, 132, 134, 135, 137, 141, 142, 144, 146, 149, 196, 200, 201, 202, 205, 206, 207, 210, 211, 215, 216, 218, 219, 220, 221, 223, 224, 225, 227, 228, 230, 231, 232, 234, 236, 243, 269, 270, 271, 272, 273, 274, 276, 277, 279, 280, 283, 284, 286, 290], "excluded_lines": [], "functions": {"BootstrapOrchestrator.__init__": {"executed_lines": [], "summary": {"covered_lines": 0, "num_statements": 8, "percent_covered": 0.0, "percent_covered_display": "0", "missing_lines": 8, "excluded_lines": 0, "percent_statements_covered": 0.0, "percent_statements_covered_display": "0"}, "missing_lines": [22, 23, 24, 27, 28, 29, 30, 31], "excluded_lines": []}, "BootstrapOrchestrator.run": {"executed_lines": [], "summary": {"covered_lines": 0, "num_statements": 59, "percent_covered": 0.0, "percent_covered_display": "0", "missing_lines": 59, "excluded_lines": 0, "percent_statements_covered": 0.0, "percent_statements_covered_display": "0"}, "missing_lines": [35, 38, 39, 40, 41, 42, 43, 44, 45, 46, 49, 50, 51, 52, 53, 54, 55, 56, 57, 60, 61, 62, 67, 68, 69, 70, 71, 72, 75, 76, 77, 82, 84, 85, 87, 88, 89, 90, 91, 93, 94, 96, 97, 99, 100, 103, 106, 107, 108, 110, 113, 114, 115, 116, 117, 118, 119, 121, 122], "excluded_lines": []}, "BootstrapOrchestrator._generate_report": {"executed_lines": [], "summary": {"covered_lines": 0, "num_statements": 14, "percent_covered": 0.0, "percent_covered_display": "0", "missing_lines": 14, "excluded_lines": 0, "percent_statements_covered": 0.0, "percent_statements_covered_display": "0"}, "missing_lines": [128, 129, 130, 131, 132, 134, 135, 137, 141, 142, 144, 146, 149, 196], "excluded_lines": []}, "BootstrapOrchestrator._format_languages": {"executed_lines": [], "summary": {"covered_lines": 0, "num_statements": 8, "percent_covered": 0.0, "percent_covered_display": "0", "missing_lines": 8, "excluded_lines": 0, "percent_statements_covered": 0.0, "percent_statements_covered_display": "0"}, "missing_lines": [200, 201, 202, 205, 206, 207, 210, 211], "excluded_lines": []}, "BootstrapOrchestrator._generate_next_steps": {"executed_lines": [], "summary": {"covered_lines": 0, "num_statements": 16, "percent_covered": 0.0, "percent_covered_display": "0", "missing_lines": 16, "excluded_lines": 0, "percent_statements_covered": 0.0, "percent_statements_covered_display": "0"}, "missing_lines": [215, 216, 218, 219, 220, 221, 223, 224, 225, 227, 228, 230, 231, 232, 234, 236], "excluded_lines": []}, "BootstrapOrchestrator._failure_report": {"executed_lines": [], "summary": {"covered_lines": 0, "num_statements": 1, "percent_covered": 0.0, "percent_covered_display": "0", "missing_lines": 1, "excluded_lines": 0, "percent_statements_covered": 0.0, "percent_statements_covered_display": "0"}, "missing_lines": [243], "excluded_lines": []}, "main": {"executed_lines": [], "summary": {"covered_lines": 0, "num_statements": 13, "percent_covered": 0.0, "percent_covered_display": "0", "missing_lines": 13, "excluded_lines": 0, "percent_statements_covered": 0.0, "percent_statements_covered_display": "0"}, "missing_lines": [269, 270, 271, 272, 273, 274, 276, 277, 279, 280, 283, 284, 286], "excluded_lines": []}, "": {"executed_lines": [1, 2, 3, 4, 5, 6, 9, 12, 13, 14, 15, 18, 19, 21, 33, 124, 198, 213, 241, 267, 289], "summary": {"covered_lines": 19, "num_statements": 21, "percent_covered": 90.47619047619048, "percent_covered_display": "90", "missing_lines": 2, "excluded_lines": 0, "percent_statements_covered": 90.47619047619048, "percent_statements_covered_display": "90"}, "missing_lines": [10, 290], "excluded_lines": []}}, "classes": {"BootstrapOrchestrator": {"executed_lines": [], "summary": {"covered_lines": 0, "num_statements": 106, "percent_covered": 0.0, "percent_covered_display": "0", "missing_lines": 106, "excluded_lines": 0, "percent_statements_covered": 0.0, "percent_statements_covered_display": "0"}, "missing_lines": [22, 23, 24, 27, 28, 29, 30, 31, 35, 38, 39, 40, 41, 42, 43, 44, 45, 46, 49, 50, 51, 52, 53, 54, 55, 56, 57, 60, 61, 62, 67, 68, 69, 70, 71, 72, 75, 76, 77, 82, 84, 85, 87, 88, 89, 90, 91, 93, 94, 96, 97, 99, 100, 103, 106, 107, 108, 110, 113, 114, 115, 116, 117, 118, 119, 121, 122, 128, 129, 130, 131, 132, 134, 135, 137, 141, 142, 144, 146, 149, 196, 200, 201, 202, 205, 206, 207, 210, 211, 215, 216, 218, 219, 220, 221, 223, 224, 225, 227, 228, 230, 231, 232, 234, 236, 243], "excluded_lines": []}, "": {"executed_lines": [1, 2, 3, 4, 5, 6, 9, 12, 13, 14, 15, 18, 19, 21, 33, 124, 198, 213, 241, 267, 289], "summary": {"covered_lines": 19, "num_statements": 34, "percent_covered": 55.88235294117647, "percent_covered_display": "56", "missing_lines": 15, "excluded_lines": 0, "percent_statements_covered": 55.88235294117647, "percent_statements_covered_display": "56"}, "missing_lines": [10, 269, 270, 271, 272, 273, 274, 276, 277, 279, 280, 283, 284, 286, 290], "excluded_lines": []}}}, "core\\bootstrap\\selector.py": {"executed_lines": [1, 7, 8, 9, 12, 13, 15, 19, 34, 71, 91], "summary": {"covered_lines": 9, "num_statements": 45, "percent_covered": 20.0, "percent_covered_display": "20", "missing_lines": 36, "excluded_lines": 0, "percent_statements_covered": 20.0, "percent_statements_covered_display": "20"}, "missing_lines": [16, 17, 21, 22, 23, 24, 26, 27, 28, 29, 30, 32, 44, 45, 46, 49, 51, 52, 55, 57, 58, 60, 61, 63, 64, 68, 73, 75, 76, 77, 79, 80, 82, 83, 85, 92], "excluded_lines": [], "functions": {"ProfileSelector.__init__": {"executed_lines": [], "summary": {"covered_lines": 0, "num_statements": 2, "percent_covered": 0.0, "percent_covered_display": "0", "missing_lines": 2, "excluded_lines": 0, "percent_statements_covered": 0.0, "percent_statements_covered_display": "0"}, "missing_lines": [16, 17], "excluded_lines": []}, "ProfileSelector._load_profiles": {"executed_lines": [], "summary": {"covered_lines": 0, "num_statements": 10, "percent_covered": 0.0, "percent_covered_display": "0", "missing_lines": 10, "excluded_lines": 0, "percent_statements_covered": 0.0, "percent_statements_covered_display": "0"}, "missing_lines": [21, 22, 23, 24, 26, 27, 28, 29, 30, 32], "excluded_lines": []}, "ProfileSelector.select": {"executed_lines": [], "summary": {"covered_lines": 0, "num_statements": 14, "percent_covered": 0.0, "percent_covered_display": "0", "missing_lines": 14, "excluded_lines": 0, "percent_statements_covered": 0.0, "percent_statements_covered_display": "0"}, "missing_lines": [44, 45, 46, 49, 51, 52, 55, 57, 58, 60, 61, 63, 64, 68], "excluded_lines": []}, "main": {"executed_lines": [], "summary": {"covered_lines": 0, "num_statements": 9, "percent_covered": 0.0, "percent_covered_display": "0", "missing_lines": 9, "excluded_lines": 0, "percent_statements_covered": 0.0, "percent_statements_covered_display": "0"}, "missing_lines": [73, 75, 76, 77, 79, 80, 82, 83, 85], "excluded_lines": []}, "": {"executed_lines": [1, 7, 8, 9, 12, 13, 15, 19, 34, 71, 91], "summary": {"covered_lines": 9, "num_statements": 10, "percent_covered": 90.0, "percent_covered_display": "90", "missing_lines": 1, "excluded_lines": 0, "percent_statements_covered": 90.0, "percent_statements_covered_display": "90"}, "missing_lines": [92], "excluded_lines": []}}, "classes": {"ProfileSelector": {"executed_lines": [], "summary": {"covered_lines": 0, "num_statements": 26, "percent_covered": 0.0, "percent_covered_display": "0", "missing_lines": 26, "excluded_lines": 0, "percent_statements_covered": 0.0, "percent_statements_covered_display": "0"}, "missing_lines": [16, 17, 21, 22, 23, 24, 26, 27, 28, 29, 30, 32, 44, 45, 46, 49, 51, 52, 55, 57, 58, 60, 61, 63, 64, 68], "excluded_lines": []}, "": {"executed_lines": [1, 7, 8, 9, 12, 13, 15, 19, 34, 71, 91], "summary": {"covered_lines": 9, "num_statements": 19, "percent_covered": 47.36842105263158, "percent_covered_display": "47", "missing_lines": 10, "excluded_lines": 0, "percent_statements_covered": 47.36842105263158, "percent_statements_covered_display": "47"}, "missing_lines": [73, 75, 76, 77, 79, 80, 82, 83, 85, 92], "excluded_lines": []}}}, "core\\bootstrap\\validator.py": {"executed_lines": [1, 2, 3, 4, 5, 6, 8, 9, 11, 12, 13, 16, 17, 19, 20, 23, 24, 25, 27, 28, 31, 32, 33, 34, 35, 37, 40, 41, 42, 43, 45, 47, 48, 49, 50, 52, 60, 63, 64, 65, 66, 81, 82, 98, 100, 101, 105, 108, 109, 110, 120, 121, 122, 131, 134, 135, 142, 143, 145, 146, 148, 150, 151, 158, 159, 164, 165, 166, 172, 175, 176, 178, 179, 180, 181, 182, 184, 185, 191, 192, 195, 196, 197, 202, 203, 206, 217, 234], "summary": {"covered_lines": 87, "num_statements": 107, "percent_covered": 81.30841121495327, "percent_covered_display": "81", "missing_lines": 20, "excluded_lines": 0, "percent_statements_covered": 81.30841121495327, "percent_statements_covered_display": "81"}, "missing_lines": [73, 74, 83, 84, 91, 92, 147, 207, 208, 213, 214, 219, 221, 222, 223, 225, 226, 228, 231, 235], "excluded_lines": [], "functions": {"BootstrapValidator.__init__": {"executed_lines": [11, 12, 13, 16, 17, 19, 20, 23, 24, 25, 27, 28, 31, 32, 33, 34, 35, 37, 40, 41, 42, 43], "summary": {"covered_lines": 22, "num_statements": 22, "percent_covered": 100.0, "percent_covered_display": "100", "missing_lines": 0, "excluded_lines": 0, "percent_statements_covered": 100.0, "percent_statements_covered_display": "100"}, "missing_lines": [], "excluded_lines": []}, "BootstrapValidator.validate_all": {"executed_lines": [47, 48, 49, 50, 52], "summary": {"covered_lines": 5, "num_statements": 5, "percent_covered": 100.0, "percent_covered_display": "100", "missing_lines": 0, "excluded_lines": 0, "percent_statements_covered": 100.0, "percent_statements_covered_display": "100"}, "missing_lines": [], "excluded_lines": []}, "BootstrapValidator._validate_schemas": {"executed_lines": [63, 64, 65, 66, 81, 82], "summary": {"covered_lines": 6, "num_statements": 12, "percent_covered": 50.0, "percent_covered_display": "50", "missing_lines": 6, "excluded_lines": 0, "percent_statements_covered": 50.0, "percent_statements_covered_display": "50"}, "missing_lines": [73, 74, 83, 84, 91, 92], "excluded_lines": []}, "BootstrapValidator._check_constraints": {"executed_lines": [100, 101, 105, 108, 109, 110, 120, 121, 122], "summary": {"covered_lines": 9, "num_statements": 9, "percent_covered": 100.0, "percent_covered_display": "100", "missing_lines": 0, "excluded_lines": 0, "percent_statements_covered": 100.0, "percent_statements_covered_display": "100"}, "missing_lines": [], "excluded_lines": []}, "BootstrapValidator._check_consistency": {"executed_lines": [134, 135, 142, 143, 145, 146, 148, 150, 151, 158, 159, 164, 165, 166], "summary": {"covered_lines": 14, "num_statements": 15, "percent_covered": 93.33333333333333, "percent_covered_display": "93", "missing_lines": 1, "excluded_lines": 0, "percent_statements_covered": 93.33333333333333, "percent_statements_covered_display": "93"}, "missing_lines": [147], "excluded_lines": []}, "BootstrapValidator._auto_fix_common_issues": {"executed_lines": [175, 176, 178, 179, 180, 181, 182, 184, 185, 191, 192, 195, 196, 197, 202, 203, 206], "summary": {"covered_lines": 17, "num_statements": 21, "percent_covered": 80.95238095238095, "percent_covered_display": "81", "missing_lines": 4, "excluded_lines": 0, "percent_statements_covered": 80.95238095238095, "percent_statements_covered_display": "81"}, "missing_lines": [207, 208, 213, 214], "excluded_lines": []}, "main": {"executed_lines": [], "summary": {"covered_lines": 0, "num_statements": 8, "percent_covered": 0.0, "percent_covered_display": "0", "missing_lines": 8, "excluded_lines": 0, "percent_statements_covered": 0.0, "percent_statements_covered_display": "0"}, "missing_lines": [219, 221, 222, 223, 225, 226, 228, 231], "excluded_lines": []}, "": {"executed_lines": [1, 2, 3, 4, 5, 6, 8, 9, 45, 60, 98, 131, 172, 217, 234], "summary": {"covered_lines": 14, "num_statements": 15, "percent_covered": 93.33333333333333, "percent_covered_display": "93", "missing_lines": 1, "excluded_lines": 0, "percent_statements_covered": 93.33333333333333, "percent_statements_covered_display": "93"}, "missing_lines": [235], "excluded_lines": []}}, "classes": {"BootstrapValidator": {"executed_lines": [11, 12, 13, 16, 17, 19, 20, 23, 24, 25, 27, 28, 31, 32, 33, 34, 35, 37, 40, 41, 42, 43, 47, 48, 49, 50, 52, 63, 64, 65, 66, 81, 82, 100, 101, 105, 108, 109, 110, 120, 121, 122, 134, 135, 142, 143, 145, 146, 148, 150, 151, 158, 159, 164, 165, 166, 175, 176, 178, 179, 180, 181, 182, 184, 185, 191, 192, 195, 196, 197, 202, 203, 206], "summary": {"covered_lines": 73, "num_statements": 84, "percent_covered": 86.9047619047619, "percent_covered_display": "87", "missing_lines": 11, "excluded_lines": 0, "percent_statements_covered": 86.9047619047619, "percent_statements_covered_display": "87"}, "missing_lines": [73, 74, 83, 84, 91, 92, 147, 207, 208, 213, 214], "excluded_lines": []}, "": {"executed_lines": [1, 2, 3, 4, 5, 6, 8, 9, 45, 60, 98, 131, 172, 217, 234], "summary": {"covered_lines": 14, "num_statements": 23, "percent_covered": 60.869565217391305, "percent_covered_display": "61", "missing_lines": 9, "excluded_lines": 0, "percent_statements_covered": 60.869565217391305, "percent_statements_covered_display": "61"}, "missing_lines": [219, 221, 222, 223, 225, 226, 228, 231, 235], "excluded_lines": []}}}, "core\\engine\\__init__.py": {"executed_lines": [1], "summary": {"covered_lines": 0, "num_statements": 0, "percent_covered": 100.0, "percent_covered_display": "100", "missing_lines": 0, "excluded_lines": 0, "percent_statements_covered": 100.0, "percent_statements_covered_display": "100"}, "missing_lines": [], "excluded_lines": [], "functions": {"": {"executed_lines": [1], "summary": {"covered_lines": 0, "num_statements": 0, "percent_covered": 100.0, "percent_covered_display": "100", "missing_lines": 0, "excluded_lines": 0, "percent_statements_covered": 100.0, "percent_statements_covered_display": "100"}, "missing_lines": [], "excluded_lines": []}}, "classes": {"": {"executed_lines": [1], "summary": {"covered_lines": 0, "num_statements": 0, "percent_covered": 100.0, "percent_covered_display": "100", "missing_lines": 0, "excluded_lines": 0, "percent_statements_covered": 100.0, "percent_statements_covered_display": "100"}, "missing_lines": [], "excluded_lines": []}}}, "core\\engine\\execution_request_builder.py": {"executed_lines": [1, 6, 7, 8, 11, 13, 16, 18, 21, 22, 24, 25, 27, 29, 30, 31, 33, 35, 36, 37, 39, 42, 43, 44, 45, 46, 48, 50, 51, 53, 55, 56, 57, 58, 60, 62, 63, 64, 66, 69, 70, 73, 74, 77, 78, 79, 80, 82, 84, 85, 87, 88, 89, 90, 91, 92, 95, 110, 112, 113, 115, 116, 118], "summary": {"covered_lines": 61, "num_statements": 61, "percent_covered": 100.0, "percent_covered_display": "100", "missing_lines": 0, "excluded_lines": 0, "percent_statements_covered": 100.0, "percent_statements_covered_display": "100"}, "missing_lines": [], "excluded_lines": [], "functions": {"generate_ulid": {"executed_lines": [13], "summary": {"covered_lines": 1, "num_statements": 1, "percent_covered": 100.0, "percent_covered_display": "100", "missing_lines": 0, "excluded_lines": 0, "percent_statements_covered": 100.0, "percent_statements_covered_display": "100"}, "missing_lines": [], "excluded_lines": []}, "now_iso": {"executed_lines": [18], "summary": {"covered_lines": 1, "num_statements": 1, "percent_covered": 100.0, "percent_covered_display": "100", "missing_lines": 0, "excluded_lines": 0, "percent_statements_covered": 100.0, "percent_statements_covered_display": "100"}, "missing_lines": [], "excluded_lines": []}, "ExecutionRequestBuilder.__init__": {"executed_lines": [25], "summary": {"covered_lines": 1, "num_statements": 1, "percent_covered": 100.0, "percent_covered_display": "100", "missing_lines": 0, "excluded_lines": 0, "percent_statements_covered": 100.0, "percent_statements_covered_display": "100"}, "missing_lines": [], "excluded_lines": []}, "ExecutionRequestBuilder.with_task": {"executed_lines": [29, 30, 31], "summary": {"covered_lines": 3, "num_statements": 3, "percent_covered": 100.0, "percent_covered_display": "100", "missing_lines": 0, "excluded_lines": 0, "percent_statements_covered": 100.0, "percent_statements_covered_display": "100"}, "missing_lines": [], "excluded_lines": []}, "ExecutionRequestBuilder.with_tool": {"executed_lines": [35, 36, 37], "summary": {"covered_lines": 3, "num_statements": 3, "percent_covered": 100.0, "percent_covered_display": "100", "missing_lines": 0, "excluded_lines": 0, "percent_statements_covered": 100.0, "percent_statements_covered_display": "100"}, "missing_lines": [], "excluded_lines": []}, "ExecutionRequestBuilder.with_input": {"executed_lines": [42, 43, 44, 45, 46], "summary": {"covered_lines": 5, "num_statements": 5, "percent_covered": 100.0, "percent_covered_display": "100", "missing_lines": 0, "excluded_lines": 0, "percent_statements_covered": 100.0, "percent_statements_covered_display": "100"}, "missing_lines": [], "excluded_lines": []}, "ExecutionRequestBuilder.with_constraints": {"executed_lines": [50, 51], "summary": {"covered_lines": 2, "num_statements": 2, "percent_covered": 100.0, "percent_covered_display": "100", "missing_lines": 0, "excluded_lines": 0, "percent_statements_covered": 100.0, "percent_statements_covered_display": "100"}, "missing_lines": [], "excluded_lines": []}, "ExecutionRequestBuilder.with_metadata": {"executed_lines": [55, 56, 57, 58], "summary": {"covered_lines": 4, "num_statements": 4, "percent_covered": 100.0, "percent_covered_display": "100", "missing_lines": 0, "excluded_lines": 0, "percent_statements_covered": 100.0, "percent_statements_covered_display": "100"}, "missing_lines": [], "excluded_lines": []}, "ExecutionRequestBuilder.with_limits": {"executed_lines": [62, 63, 64], "summary": {"covered_lines": 3, "num_statements": 3, "percent_covered": 100.0, "percent_covered_display": "100", "missing_lines": 0, "excluded_lines": 0, "percent_statements_covered": 100.0, "percent_statements_covered_display": "100"}, "missing_lines": [], "excluded_lines": []}, "ExecutionRequestBuilder.build": {"executed_lines": [69, 70, 73, 74, 77, 78, 79, 80, 82], "summary": {"covered_lines": 9, "num_statements": 9, "percent_covered": 100.0, "percent_covered_display": "100", "missing_lines": 0, "excluded_lines": 0, "percent_statements_covered": 100.0, "percent_statements_covered_display": "100"}, "missing_lines": [], "excluded_lines": []}, "ExecutionRequestBuilder.from_task": {"executed_lines": [87, 88, 89, 90, 91, 92], "summary": {"covered_lines": 6, "num_statements": 6, "percent_covered": 100.0, "percent_covered_display": "100", "missing_lines": 0, "excluded_lines": 0, "percent_statements_covered": 100.0, "percent_statements_covered_display": "100"}, "missing_lines": [], "excluded_lines": []}, "create_execution_request": {"executed_lines": [110, 112, 113, 115, 116, 118], "summary": {"covered_lines": 6, "num_statements": 6, "percent_covered": 100.0, "percent_covered_display": "100", "missing_lines": 0, "excluded_lines": 0, "percent_statements_covered": 100.0, "percent_statements_covered_display": "100"}, "missing_lines": [], "excluded_lines": []}, "": {"executed_lines": [1, 6, 7, 8, 11, 16, 21, 22, 24, 27, 33, 39, 48, 53, 60, 66, 84, 85, 95], "summary": {"covered_lines": 17, "num_statements": 17, "percent_covered": 100.0, "percent_covered_display": "100", "missing_lines": 0, "excluded_lines": 0, "percent_statements_covered": 100.0, "percent_statements_covered_display": "100"}, "missing_lines": [], "excluded_lines": []}}, "classes": {"ExecutionRequestBuilder": {"executed_lines": [25, 29, 30, 31, 35, 36, 37, 42, 43, 44, 45, 46, 50, 51, 55, 56, 57, 58, 62, 63, 64, 69, 70, 73, 74, 77, 78, 79, 80, 82, 87, 88, 89, 90, 91, 92], "summary": {"covered_lines": 36, "num_statements": 36, "percent_covered": 100.0, "percent_covered_display": "100", "missing_lines": 0, "excluded_lines": 0, "percent_statements_covered": 100.0, "percent_statements_covered_display": "100"}, "missing_lines": [], "excluded_lines": []}, "": {"executed_lines": [1, 6, 7, 8, 11, 13, 16, 18, 21, 22, 24, 27, 33, 39, 48, 53, 60, 66, 84, 85, 95, 110, 112, 113, 115, 116, 118], "summary": {"covered_lines": 25, "num_statements": 25, "percent_covered": 100.0, "percent_covered_display": "100", "missing_lines": 0, "excluded_lines": 0, "percent_statements_covered": 100.0, "percent_statements_covered_display": "100"}, "missing_lines": [], "excluded_lines": []}}}, "core\\engine\\monitoring\\__init__.py": {"executed_lines": [1, 6, 7, 9], "summary": {"covered_lines": 3, "num_statements": 3, "percent_covered": 100.0, "percent_covered_display": "100", "missing_lines": 0, "excluded_lines": 0, "percent_statements_covered": 100.0, "percent_statements_covered_display": "100"}, "missing_lines": [], "excluded_lines": [], "functions": {"": {"executed_lines": [1, 6, 7, 9], "summary": {"covered_lines": 3, "num_statements": 3, "percent_covered": 100.0, "percent_covered_display": "100", "missing_lines": 0, "excluded_lines": 0, "percent_statements_covered": 100.0, "percent_statements_covered_display": "100"}, "missing_lines": [], "excluded_lines": []}}, "classes": {"": {"executed_lines": [1, 6, 7, 9], "summary": {"covered_lines": 3, "num_statements": 3, "percent_covered": 100.0, "percent_covered_display": "100", "missing_lines": 0, "excluded_lines": 0, "percent_statements_covered": 100.0, "percent_statements_covered_display": "100"}, "missing_lines": [], "excluded_lines": []}}}, "core\\engine\\monitoring\\progress_tracker.py": {"executed_lines": [1, 6, 7, 8, 11, 12, 13, 15, 16, 19, 20, 21, 22, 25, 28, 29, 30, 31, 34, 35, 37, 39, 56, 57, 63, 69, 70, 71, 72, 73, 74, 75, 78, 80, 82, 84, 90, 91, 93, 99, 101, 108, 109, 110, 112, 113, 115, 121, 122, 123, 125, 131, 132, 134, 137, 138, 139, 140, 142, 144, 150, 153, 155, 161, 162, 165, 168, 171, 175, 177, 183, 184, 185, 187, 189, 195, 197, 199], "summary": {"covered_lines": 75, "num_statements": 78, "percent_covered": 96.15384615384616, "percent_covered_display": "96", "missing_lines": 3, "excluded_lines": 0, "percent_statements_covered": 96.15384615384616, "percent_statements_covered_display": "96"}, "missing_lines": [151, 172, 173], "excluded_lines": [], "functions": {"ProgressSnapshot.to_dict": {"executed_lines": [39], "summary": {"covered_lines": 1, "num_statements": 1, "percent_covered": 100.0, "percent_covered_display": "100", "missing_lines": 0, "excluded_lines": 0, "percent_statements_covered": 100.0, "percent_statements_covered_display": "100"}, "missing_lines": [], "excluded_lines": []}, "ProgressTracker.__init__": {"executed_lines": [69, 70, 71, 72, 73, 74, 75, 78], "summary": {"covered_lines": 8, "num_statements": 8, "percent_covered": 100.0, "percent_covered_display": "100", "missing_lines": 0, "excluded_lines": 0, "percent_statements_covered": 100.0, "percent_statements_covered_display": "100"}, "missing_lines": [], "excluded_lines": []}, "ProgressTracker.start": {"executed_lines": [82], "summary": {"covered_lines": 1, "num_statements": 1, "percent_covered": 100.0, "percent_covered_display": "100", "missing_lines": 0, "excluded_lines": 0, "percent_statements_covered": 100.0, "percent_statements_covered_display": "100"}, "missing_lines": [], "excluded_lines": []}, "ProgressTracker.start_task": {"executed_lines": [90, 91], "summary": {"covered_lines": 2, "num_statements": 2, "percent_covered": 100.0, "percent_covered_display": "100", "missing_lines": 0, "excluded_lines": 0, "percent_statements_covered": 100.0, "percent_statements_covered_display": "100"}, "missing_lines": [], "excluded_lines": []}, "ProgressTracker.update_task_progress": {"executed_lines": [99], "summary": {"covered_lines": 1, "num_statements": 1, "percent_covered": 100.0, "percent_covered_display": "100", "missing_lines": 0, "excluded_lines": 0, "percent_statements_covered": 100.0, "percent_statements_covered_display": "100"}, "missing_lines": [], "excluded_lines": []}, "ProgressTracker.complete_task": {"executed_lines": [108, 109, 110, 112, 113], "summary": {"covered_lines": 5, "num_statements": 5, "percent_covered": 100.0, "percent_covered_display": "100", "missing_lines": 0, "excluded_lines": 0, "percent_statements_covered": 100.0, "percent_statements_covered_display": "100"}, "missing_lines": [], "excluded_lines": []}, "ProgressTracker.fail_task": {"executed_lines": [121, 122, 123], "summary": {"covered_lines": 3, "num_statements": 3, "percent_covered": 100.0, "percent_covered_display": "100", "missing_lines": 0, "excluded_lines": 0, "percent_statements_covered": 100.0, "percent_statements_covered_display": "100"}, "missing_lines": [], "excluded_lines": []}, "ProgressTracker.get_completion_percent": {"executed_lines": [131, 132, 134, 137, 138, 139, 140, 142], "summary": {"covered_lines": 8, "num_statements": 8, "percent_covered": 100.0, "percent_covered_display": "100", "missing_lines": 0, "excluded_lines": 0, "percent_statements_covered": 100.0, "percent_statements_covered_display": "100"}, "missing_lines": [], "excluded_lines": []}, "ProgressTracker.get_elapsed_time": {"executed_lines": [150, 153], "summary": {"covered_lines": 2, "num_statements": 3, "percent_covered": 66.66666666666667, "percent_covered_display": "67", "missing_lines": 1, "excluded_lines": 0, "percent_statements_covered": 66.66666666666667, "percent_statements_covered_display": "67"}, "missing_lines": [151], "excluded_lines": []}, "ProgressTracker.get_estimated_remaining_time": {"executed_lines": [161, 162, 165, 168, 171, 175], "summary": {"covered_lines": 6, "num_statements": 8, "percent_covered": 75.0, "percent_covered_display": "75", "missing_lines": 2, "excluded_lines": 0, "percent_statements_covered": 75.0, "percent_statements_covered_display": "75"}, "missing_lines": [172, 173], "excluded_lines": []}, "ProgressTracker.get_estimated_completion_time": {"executed_lines": [183, 184, 185, 187], "summary": {"covered_lines": 4, "num_statements": 4, "percent_covered": 100.0, "percent_covered_display": "100", "missing_lines": 0, "excluded_lines": 0, "percent_statements_covered": 100.0, "percent_statements_covered_display": "100"}, "missing_lines": [], "excluded_lines": []}, "ProgressTracker.get_snapshot": {"executed_lines": [195, 197, 199], "summary": {"covered_lines": 3, "num_statements": 3, "percent_covered": 100.0, "percent_covered_display": "100", "missing_lines": 0, "excluded_lines": 0, "percent_statements_covered": 100.0, "percent_statements_covered_display": "100"}, "missing_lines": [], "excluded_lines": []}, "": {"executed_lines": [1, 6, 7, 8, 11, 12, 13, 15, 16, 19, 20, 21, 22, 25, 28, 29, 30, 31, 34, 35, 37, 56, 57, 63, 80, 84, 93, 101, 115, 125, 144, 155, 177, 189], "summary": {"covered_lines": 31, "num_statements": 31, "percent_covered": 100.0, "percent_covered_display": "100", "missing_lines": 0, "excluded_lines": 0, "percent_statements_covered": 100.0, "percent_statements_covered_display": "100"}, "missing_lines": [], "excluded_lines": []}}, "classes": {"ProgressSnapshot": {"executed_lines": [39], "summary": {"covered_lines": 1, "num_statements": 1, "percent_covered": 100.0, "percent_covered_display": "100", "missing_lines": 0, "excluded_lines": 0, "percent_statements_covered": 100.0, "percent_statements_covered_display": "100"}, "missing_lines": [], "excluded_lines": []}, "ProgressTracker": {"executed_lines": [69, 70, 71, 72, 73, 74, 75, 78, 82, 90, 91, 99, 108, 109, 110, 112, 113, 121, 122, 123, 131, 132, 134, 137, 138, 139, 140, 142, 150, 153, 161, 162, 165, 168, 171, 175, 183, 184, 185, 187, 195, 197, 199], "summary": {"covered_lines": 43, "num_statements": 46, "percent_covered": 93.47826086956522, "percent_covered_display": "93", "missing_lines": 3, "excluded_lines": 0, "percent_statements_covered": 93.47826086956522, "percent_statements_covered_display": "93"}, "missing_lines": [151, 172, 173], "excluded_lines": []}, "": {"executed_lines": [1, 6, 7, 8, 11, 12, 13, 15, 16, 19, 20, 21, 22, 25, 28, 29, 30, 31, 34, 35, 37, 56, 57, 63, 80, 84, 93, 101, 115, 125, 144, 155, 177, 189], "summary": {"covered_lines": 31, "num_statements": 31, "percent_covered": 100.0, "percent_covered_display": "100", "missing_lines": 0, "excluded_lines": 0, "percent_statements_covered": 100.0, "percent_statements_covered_display": "100"}, "missing_lines": [], "excluded_lines": []}}}, "core\\engine\\monitoring\\run_monitor.py": {"executed_lines": [1, 6, 7, 8, 9, 10, 13, 15, 18, 19, 20, 21, 22, 23, 24, 25, 28, 29, 30, 32, 33, 36, 37, 38, 41, 42, 45, 46, 47, 48, 50, 52, 67, 68, 74, 79, 80, 82, 92, 93, 97, 98, 107, 108, 109, 110, 113, 121, 122, 123, 126, 127, 133, 147, 153, 154, 161, 163, 169, 172, 178, 181, 189, 191], "summary": {"covered_lines": 60, "num_statements": 65, "percent_covered": 92.3076923076923, "percent_covered_display": "92", "missing_lines": 5, "excluded_lines": 0, "percent_statements_covered": 92.3076923076923, "percent_statements_covered_display": "92"}, "missing_lines": [94, 128, 129, 130, 131], "excluded_lines": [], "functions": {"RunMetrics.to_dict": {"executed_lines": [52], "summary": {"covered_lines": 1, "num_statements": 1, "percent_covered": 100.0, "percent_covered_display": "100", "missing_lines": 0, "excluded_lines": 0, "percent_statements_covered": 100.0, "percent_statements_covered_display": "100"}, "missing_lines": [], "excluded_lines": []}, "RunMonitor.__init__": {"executed_lines": [79, 80], "summary": {"covered_lines": 2, "num_statements": 2, "percent_covered": 100.0, "percent_covered_display": "100", "missing_lines": 0, "excluded_lines": 0, "percent_statements_covered": 100.0, "percent_statements_covered_display": "100"}, "missing_lines": [], "excluded_lines": []}, "RunMonitor.get_run_metrics": {"executed_lines": [92, 93, 97, 98, 107, 108, 109, 110, 113, 121, 122, 123, 126, 127, 133], "summary": {"covered_lines": 15, "num_statements": 20, "percent_covered": 75.0, "percent_covered_display": "75", "missing_lines": 5, "excluded_lines": 0, "percent_statements_covered": 75.0, "percent_statements_covered_display": "75"}, "missing_lines": [94, 128, 129, 130, 131], "excluded_lines": []}, "RunMonitor.list_active_runs": {"executed_lines": [153, 154, 161], "summary": {"covered_lines": 3, "num_statements": 3, "percent_covered": 100.0, "percent_covered_display": "100", "missing_lines": 0, "excluded_lines": 0, "percent_statements_covered": 100.0, "percent_statements_covered_display": "100"}, "missing_lines": [], "excluded_lines": []}, "RunMonitor.get_summary": {"executed_lines": [169, 172, 178, 181, 189, 191], "summary": {"covered_lines": 6, "num_statements": 6, "percent_covered": 100.0, "percent_covered_display": "100", "missing_lines": 0, "excluded_lines": 0, "percent_statements_covered": 100.0, "percent_statements_covered_display": "100"}, "missing_lines": [], "excluded_lines": []}, "": {"executed_lines": [1, 6, 7, 8, 9, 10, 13, 15, 18, 19, 20, 21, 22, 23, 24, 25, 28, 29, 30, 32, 33, 36, 37, 38, 41, 42, 45, 46, 47, 48, 50, 67, 68, 74, 82, 147, 163], "summary": {"covered_lines": 33, "num_statements": 33, "percent_covered": 100.0, "percent_covered_display": "100", "missing_lines": 0, "excluded_lines": 0, "percent_statements_covered": 100.0, "percent_statements_covered_display": "100"}, "missing_lines": [], "excluded_lines": []}}, "classes": {"RunStatus": {"executed_lines": [], "summary": {"covered_lines": 0, "num_statements": 0, "percent_covered": 100.0, "percent_covered_display": "100", "missing_lines": 0, "excluded_lines": 0, "percent_statements_covered": 100.0, "percent_statements_covered_display": "100"}, "missing_lines": [], "excluded_lines": []}, "RunMetrics": {"executed_lines": [52], "summary": {"covered_lines": 1, "num_statements": 1, "percent_covered": 100.0, "percent_covered_display": "100", "missing_lines": 0, "excluded_lines": 0, "percent_statements_covered": 100.0, "percent_statements_covered_display": "100"}, "missing_lines": [], "excluded_lines": []}, "RunMonitor": {"executed_lines": [79, 80, 92, 93, 97, 98, 107, 108, 109, 110, 113, 121, 122, 123, 126, 127, 133, 153, 154, 161, 169, 172, 178, 181, 189, 191], "summary": {"covered_lines": 26, "num_statements": 31, "percent_covered": 83.87096774193549, "percent_covered_display": "84", "missing_lines": 5, "excluded_lines": 0, "percent_statements_covered": 83.87096774193549, "percent_statements_covered_display": "84"}, "missing_lines": [94, 128, 129, 130, 131], "excluded_lines": []}, "": {"executed_lines": [1, 6, 7, 8, 9, 10, 13, 15, 18, 19, 20, 21, 22, 23, 24, 25, 28, 29, 30, 32, 33, 36, 37, 38, 41, 42, 45, 46, 47, 48, 50, 67, 68, 74, 82, 147, 163], "summary": {"covered_lines": 33, "num_statements": 33, "percent_covered": 100.0, "percent_covered_display": "100", "missing_lines": 0, "excluded_lines": 0, "percent_statements_covered": 100.0, "percent_statements_covered_display": "100"}, "missing_lines": [], "excluded_lines": []}}}, "core\\engine\\orchestrator.py": {"executed_lines": [1, 7, 8, 9, 10, 12, 13, 16, 19, 22, 24, 27, 28, 30, 31, 35, 49, 51, 61, 64, 70, 72, 82, 83, 87, 88, 92, 98, 100, 102, 116, 117, 121, 122, 123, 126, 132, 133, 135, 138, 143, 145, 156, 157, 161, 162, 165, 166, 169, 175, 177, 179, 190, 191, 194, 195, 198, 204, 206, 210, 227, 228, 231, 234, 236, 247, 248, 250, 252, 258, 260, 276, 277, 280, 281, 284, 290, 291, 293, 294, 296, 298, 304, 308, 310, 312, 316, 317, 318, 319, 320, 322, 324, 326, 328, 330, 334, 336, 338, 346], "summary": {"covered_lines": 98, "num_statements": 110, "percent_covered": 89.0909090909091, "percent_covered_display": "89", "missing_lines": 12, "excluded_lines": 0, "percent_statements_covered": 89.0909090909091, "percent_statements_covered_display": "89"}, "missing_lines": [84, 89, 118, 158, 163, 167, 192, 196, 229, 232, 278, 282], "excluded_lines": [], "functions": {"generate_ulid": {"executed_lines": [19], "summary": {"covered_lines": 1, "num_statements": 1, "percent_covered": 100.0, "percent_covered_display": "100", "missing_lines": 0, "excluded_lines": 0, "percent_statements_covered": 100.0, "percent_statements_covered_display": "100"}, "missing_lines": [], "excluded_lines": []}, "now_iso": {"executed_lines": [24], "summary": {"covered_lines": 1, "num_statements": 1, "percent_covered": 100.0, "percent_covered_display": "100", "missing_lines": 0, "excluded_lines": 0, "percent_statements_covered": 100.0, "percent_statements_covered_display": "100"}, "missing_lines": [], "excluded_lines": []}, "Orchestrator.__init__": {"executed_lines": [31], "summary": {"covered_lines": 1, "num_statements": 1, "percent_covered": 100.0, "percent_covered_display": "100", "missing_lines": 0, "excluded_lines": 0, "percent_statements_covered": 100.0, "percent_statements_covered_display": "100"}, "missing_lines": [], "excluded_lines": []}, "Orchestrator.create_run": {"executed_lines": [49, 51, 61, 64, 70], "summary": {"covered_lines": 5, "num_statements": 5, "percent_covered": 100.0, "percent_covered_display": "100", "missing_lines": 0, "excluded_lines": 0, "percent_statements_covered": 100.0, "percent_statements_covered_display": "100"}, "missing_lines": [], "excluded_lines": []}, "Orchestrator.start_run": {"executed_lines": [82, 83, 87, 88, 92, 98, 100], "summary": {"covered_lines": 7, "num_statements": 9, "percent_covered": 77.77777777777777, "percent_covered_display": "78", "missing_lines": 2, "excluded_lines": 0, "percent_statements_covered": 77.77777777777777, "percent_statements_covered_display": "78"}, "missing_lines": [84, 89], "excluded_lines": []}, "Orchestrator.complete_run": {"executed_lines": [116, 117, 121, 122, 123, 126, 132, 133, 135, 138, 143], "summary": {"covered_lines": 11, "num_statements": 12, "percent_covered": 91.66666666666667, "percent_covered_display": "92", "missing_lines": 1, "excluded_lines": 0, "percent_statements_covered": 91.66666666666667, "percent_statements_covered_display": "92"}, "missing_lines": [118], "excluded_lines": []}, "Orchestrator.quarantine_run": {"executed_lines": [156, 157, 161, 162, 165, 166, 169, 175, 177], "summary": {"covered_lines": 9, "num_statements": 12, "percent_covered": 75.0, "percent_covered_display": "75", "missing_lines": 3, "excluded_lines": 0, "percent_statements_covered": 75.0, "percent_statements_covered_display": "75"}, "missing_lines": [158, 163, 167], "excluded_lines": []}, "Orchestrator.cancel_run": {"executed_lines": [190, 191, 194, 195, 198, 204, 206], "summary": {"covered_lines": 7, "num_statements": 9, "percent_covered": 77.77777777777777, "percent_covered_display": "78", "missing_lines": 2, "excluded_lines": 0, "percent_statements_covered": 77.77777777777777, "percent_statements_covered_display": "78"}, "missing_lines": [192, 196], "excluded_lines": []}, "Orchestrator.create_step_attempt": {"executed_lines": [227, 228, 231, 234, 236, 247, 248, 250, 252, 258], "summary": {"covered_lines": 10, "num_statements": 12, "percent_covered": 83.33333333333333, "percent_covered_display": "83", "missing_lines": 2, "excluded_lines": 0, "percent_statements_covered": 83.33333333333333, "percent_statements_covered_display": "83"}, "missing_lines": [229, 232], "excluded_lines": []}, "Orchestrator.complete_step_attempt": {"executed_lines": [276, 277, 280, 281, 284, 290, 291, 293, 294, 296, 298, 304], "summary": {"covered_lines": 12, "num_statements": 14, "percent_covered": 85.71428571428571, "percent_covered_display": "86", "missing_lines": 2, "excluded_lines": 0, "percent_statements_covered": 85.71428571428571, "percent_statements_covered_display": "86"}, "missing_lines": [278, 282], "excluded_lines": []}, "Orchestrator.get_run_status": {"executed_lines": [310], "summary": {"covered_lines": 1, "num_statements": 1, "percent_covered": 100.0, "percent_covered_display": "100", "missing_lines": 0, "excluded_lines": 0, "percent_statements_covered": 100.0, "percent_statements_covered_display": "100"}, "missing_lines": [], "excluded_lines": []}, "Orchestrator.list_runs": {"executed_lines": [316, 317, 318, 319, 320, 322], "summary": {"covered_lines": 6, "num_statements": 6, "percent_covered": 100.0, "percent_covered_display": "100", "missing_lines": 0, "excluded_lines": 0, "percent_statements_covered": 100.0, "percent_statements_covered_display": "100"}, "missing_lines": [], "excluded_lines": []}, "Orchestrator.get_run_steps": {"executed_lines": [326], "summary": {"covered_lines": 1, "num_statements": 1, "percent_covered": 100.0, "percent_covered_display": "100", "missing_lines": 0, "excluded_lines": 0, "percent_statements_covered": 100.0, "percent_statements_covered_display": "100"}, "missing_lines": [], "excluded_lines": []}, "Orchestrator.get_run_events": {"executed_lines": [330], "summary": {"covered_lines": 1, "num_statements": 1, "percent_covered": 100.0, "percent_covered_display": "100", "missing_lines": 0, "excluded_lines": 0, "percent_statements_covered": 100.0, "percent_statements_covered_display": "100"}, "missing_lines": [], "excluded_lines": []}, "Orchestrator._emit_event": {"executed_lines": [336, 338, 346], "summary": {"covered_lines": 3, "num_statements": 3, "percent_covered": 100.0, "percent_covered_display": "100", "missing_lines": 0, "excluded_lines": 0, "percent_statements_covered": 100.0, "percent_statements_covered_display": "100"}, "missing_lines": [], "excluded_lines": []}, "": {"executed_lines": [1, 7, 8, 9, 10, 12, 13, 16, 22, 27, 28, 30, 35, 72, 102, 145, 179, 210, 260, 308, 312, 324, 328, 334], "summary": {"covered_lines": 22, "num_statements": 22, "percent_covered": 100.0, "percent_covered_display": "100", "missing_lines": 0, "excluded_lines": 0, "percent_statements_covered": 100.0, "percent_statements_covered_display": "100"}, "missing_lines": [], "excluded_lines": []}}, "classes": {"Orchestrator": {"executed_lines": [31, 49, 51, 61, 64, 70, 82, 83, 87, 88, 92, 98, 100, 116, 117, 121, 122, 123, 126, 132, 133, 135, 138, 143, 156, 157, 161, 162, 165, 166, 169, 175, 177, 190, 191, 194, 195, 198, 204, 206, 227, 228, 231, 234, 236, 247, 248, 250, 252, 258, 276, 277, 280, 281, 284, 290, 291, 293, 294, 296, 298, 304, 310, 316, 317, 318, 319, 320, 322, 326, 330, 336, 338, 346], "summary": {"covered_lines": 74, "num_statements": 86, "percent_covered": 86.04651162790698, "percent_covered_display": "86", "missing_lines": 12, "excluded_lines": 0, "percent_statements_covered": 86.04651162790698, "percent_statements_covered_display": "86"}, "missing_lines": [84, 89, 118, 158, 163, 167, 192, 196, 229, 232, 278, 282], "excluded_lines": []}, "": {"executed_lines": [1, 7, 8, 9, 10, 12, 13, 16, 19, 22, 24, 27, 28, 30, 35, 72, 102, 145, 179, 210, 260, 308, 312, 324, 328, 334], "summary": {"covered_lines": 24, "num_statements": 24, "percent_covered": 100.0, "percent_covered_display": "100", "missing_lines": 0, "excluded_lines": 0, "percent_statements_covered": 100.0, "percent_statements_covered_display": "100"}, "missing_lines": [], "excluded_lines": []}}}, "core\\engine\\resilience\\__init__.py": {"executed_lines": [1, 6, 7, 8, 10], "summary": {"covered_lines": 4, "num_statements": 4, "percent_covered": 100.0, "percent_covered_display": "100", "missing_lines": 0, "excluded_lines": 0, "percent_statements_covered": 100.0, "percent_statements_covered_display": "100"}, "missing_lines": [], "excluded_lines": [], "functions": {"": {"executed_lines": [1, 6, 7, 8, 10], "summary": {"covered_lines": 4, "num_statements": 4, "percent_covered": 100.0, "percent_covered_display": "100", "missing_lines": 0, "excluded_lines": 0, "percent_statements_covered": 100.0, "percent_statements_covered_display": "100"}, "missing_lines": [], "excluded_lines": []}}, "classes": {"": {"executed_lines": [1, 6, 7, 8, 10], "summary": {"covered_lines": 4, "num_statements": 4, "percent_covered": 100.0, "percent_covered_display": "100", "missing_lines": 0, "excluded_lines": 0, "percent_statements_covered": 100.0, "percent_statements_covered_display": "100"}, "missing_lines": [], "excluded_lines": []}}}, "core\\engine\\resilience\\circuit_breaker.py": {"executed_lines": [1, 6, 7, 8, 9, 12, 13, 14, 15, 16, 19, 20, 31, 45, 46, 47, 48, 51, 52, 53, 54, 55, 56, 58, 73, 74, 75, 77, 83, 84, 89, 92, 93, 94, 95, 96, 97, 98, 100, 102, 103, 105, 107, 109, 111, 112, 114, 116, 118, 119, 120, 122, 124, 127, 128, 130, 132, 134, 136, 138, 139, 140, 142, 144, 145, 147, 149, 150, 151, 152, 154, 156, 157, 158, 160, 162, 174, 175, 176], "summary": {"covered_lines": 75, "num_statements": 78, "percent_covered": 96.15384615384616, "percent_covered_display": "96", "missing_lines": 3, "excluded_lines": 0, "percent_statements_covered": 96.15384615384616, "percent_statements_covered_display": "96"}, "missing_lines": [85, 125, 133], "excluded_lines": [], "functions": {"CircuitBreaker.__init__": {"executed_lines": [45, 46, 47, 48, 51, 52, 53, 54, 55, 56], "summary": {"covered_lines": 10, "num_statements": 10, "percent_covered": 100.0, "percent_covered_display": "100", "missing_lines": 0, "excluded_lines": 0, "percent_statements_covered": 100.0, "percent_statements_covered_display": "100"}, "missing_lines": [], "excluded_lines": []}, "CircuitBreaker.call": {"executed_lines": [73, 74, 75, 77, 83, 84, 89, 92, 93, 94, 95, 96, 97, 98], "summary": {"covered_lines": 14, "num_statements": 15, "percent_covered": 93.33333333333333, "percent_covered_display": "93", "missing_lines": 1, "excluded_lines": 0, "percent_statements_covered": 93.33333333333333, "percent_statements_covered_display": "93"}, "missing_lines": [85], "excluded_lines": []}, "CircuitBreaker._on_success": {"executed_lines": [102, 103, 105, 107], "summary": {"covered_lines": 4, "num_statements": 4, "percent_covered": 100.0, "percent_covered_display": "100", "missing_lines": 0, "excluded_lines": 0, "percent_statements_covered": 100.0, "percent_statements_covered_display": "100"}, "missing_lines": [], "excluded_lines": []}, "CircuitBreaker._on_failure": {"executed_lines": [111, 112, 114, 116, 118, 119, 120], "summary": {"covered_lines": 7, "num_statements": 7, "percent_covered": 100.0, "percent_covered_display": "100", "missing_lines": 0, "excluded_lines": 0, "percent_statements_covered": 100.0, "percent_statements_covered_display": "100"}, "missing_lines": [], "excluded_lines": []}, "CircuitBreaker._should_attempt_reset": {"executed_lines": [124, 127, 128], "summary": {"covered_lines": 3, "num_statements": 4, "percent_covered": 75.0, "percent_covered_display": "75", "missing_lines": 1, "excluded_lines": 0, "percent_statements_covered": 75.0, "percent_statements_covered_display": "75"}, "missing_lines": [125], "excluded_lines": []}, "CircuitBreaker._time_since_open": {"executed_lines": [132, 134], "summary": {"covered_lines": 2, "num_statements": 3, "percent_covered": 66.66666666666667, "percent_covered_display": "67", "missing_lines": 1, "excluded_lines": 0, "percent_statements_covered": 66.66666666666667, "percent_statements_covered_display": "67"}, "missing_lines": [133], "excluded_lines": []}, "CircuitBreaker._transition_to_open": {"executed_lines": [138, 139, 140], "summary": {"covered_lines": 3, "num_statements": 3, "percent_covered": 100.0, "percent_covered_display": "100", "missing_lines": 0, "excluded_lines": 0, "percent_statements_covered": 100.0, "percent_statements_covered_display": "100"}, "missing_lines": [], "excluded_lines": []}, "CircuitBreaker._transition_to_half_open": {"executed_lines": [144, 145], "summary": {"covered_lines": 2, "num_statements": 2, "percent_covered": 100.0, "percent_covered_display": "100", "missing_lines": 0, "excluded_lines": 0, "percent_statements_covered": 100.0, "percent_statements_covered_display": "100"}, "missing_lines": [], "excluded_lines": []}, "CircuitBreaker._transition_to_closed": {"executed_lines": [149, 150, 151, 152], "summary": {"covered_lines": 4, "num_statements": 4, "percent_covered": 100.0, "percent_covered_display": "100", "missing_lines": 0, "excluded_lines": 0, "percent_statements_covered": 100.0, "percent_statements_covered_display": "100"}, "missing_lines": [], "excluded_lines": []}, "CircuitBreaker.reset": {"executed_lines": [156, 157, 158], "summary": {"covered_lines": 3, "num_statements": 3, "percent_covered": 100.0, "percent_covered_display": "100", "missing_lines": 0, "excluded_lines": 0, "percent_statements_covered": 100.0, "percent_statements_covered_display": "100"}, "missing_lines": [], "excluded_lines": []}, "CircuitBreaker.get_state": {"executed_lines": [162], "summary": {"covered_lines": 1, "num_statements": 1, "percent_covered": 100.0, "percent_covered_display": "100", "missing_lines": 0, "excluded_lines": 0, "percent_statements_covered": 100.0, "percent_statements_covered_display": "100"}, "missing_lines": [], "excluded_lines": []}, "": {"executed_lines": [1, 6, 7, 8, 9, 12, 13, 14, 15, 16, 19, 20, 31, 58, 100, 109, 122, 130, 136, 142, 147, 154, 160, 174, 175, 176], "summary": {"covered_lines": 22, "num_statements": 22, "percent_covered": 100.0, "percent_covered_display": "100", "missing_lines": 0, "excluded_lines": 0, "percent_statements_covered": 100.0, "percent_statements_covered_display": "100"}, "missing_lines": [], "excluded_lines": []}}, "classes": {"CircuitBreakerState": {"executed_lines": [], "summary": {"covered_lines": 0, "num_statements": 0, "percent_covered": 100.0, "percent_covered_display": "100", "missing_lines": 0, "excluded_lines": 0, "percent_statements_covered": 100.0, "percent_statements_covered_display": "100"}, "missing_lines": [], "excluded_lines": []}, "CircuitBreaker": {"executed_lines": [45, 46, 47, 48, 51, 52, 53, 54, 55, 56, 73, 74, 75, 77, 83, 84, 89, 92, 93, 94, 95, 96, 97, 98, 102, 103, 105, 107, 111, 112, 114, 116, 118, 119, 120, 124, 127, 128, 132, 134, 138, 139, 140, 144, 145, 149, 150, 151, 152, 156, 157, 158, 162], "summary": {"covered_lines": 53, "num_statements": 56, "percent_covered": 94.64285714285714, "percent_covered_display": "95", "missing_lines": 3, "excluded_lines": 0, "percent_statements_covered": 94.64285714285714, "percent_statements_covered_display": "95"}, "missing_lines": [85, 125, 133], "excluded_lines": []}, "CircuitBreakerOpen": {"executed_lines": [], "summary": {"covered_lines": 0, "num_statements": 0, "percent_covered": 100.0, "percent_covered_display": "100", "missing_lines": 0, "excluded_lines": 0, "percent_statements_covered": 100.0, "percent_statements_covered_display": "100"}, "missing_lines": [], "excluded_lines": []}, "": {"executed_lines": [1, 6, 7, 8, 9, 12, 13, 14, 15, 16, 19, 20, 31, 58, 100, 109, 122, 130, 136, 142, 147, 154, 160, 174, 175, 176], "summary": {"covered_lines": 22, "num_statements": 22, "percent_covered": 100.0, "percent_covered_display": "100", "missing_lines": 0, "excluded_lines": 0, "percent_statements_covered": 100.0, "percent_statements_covered_display": "100"}, "missing_lines": [], "excluded_lines": []}}}, "core\\engine\\resilience\\resilient_executor.py": {"executed_lines": [1, 6, 7, 8, 11, 12, 21, 22, 23, 25, 43, 50, 55, 77, 78, 80, 81, 84, 85, 87, 89, 98, 99, 101, 103, 109, 110, 112, 118], "summary": {"covered_lines": 27, "num_statements": 27, "percent_covered": 100.0, "percent_covered_display": "100", "missing_lines": 0, "excluded_lines": 0, "percent_statements_covered": 100.0, "percent_statements_covered_display": "100"}, "missing_lines": [], "excluded_lines": [], "functions": {"ResilientExecutor.__init__": {"executed_lines": [22, 23], "summary": {"covered_lines": 2, "num_statements": 2, "percent_covered": 100.0, "percent_covered_display": "100", "missing_lines": 0, "excluded_lines": 0, "percent_statements_covered": 100.0, "percent_statements_covered_display": "100"}, "missing_lines": [], "excluded_lines": []}, "ResilientExecutor.register_tool": {"executed_lines": [43, 50], "summary": {"covered_lines": 2, "num_statements": 2, "percent_covered": 100.0, "percent_covered_display": "100", "missing_lines": 0, "excluded_lines": 0, "percent_statements_covered": 100.0, "percent_statements_covered_display": "100"}, "missing_lines": [], "excluded_lines": []}, "ResilientExecutor.execute": {"executed_lines": [77, 78, 80, 81, 84, 87], "summary": {"covered_lines": 6, "num_statements": 6, "percent_covered": 100.0, "percent_covered_display": "100", "missing_lines": 0, "excluded_lines": 0, "percent_statements_covered": 100.0, "percent_statements_covered_display": "100"}, "missing_lines": [], "excluded_lines": []}, "ResilientExecutor.execute.protected_func": {"executed_lines": [85], "summary": {"covered_lines": 1, "num_statements": 1, "percent_covered": 100.0, "percent_covered_display": "100", "missing_lines": 0, "excluded_lines": 0, "percent_statements_covered": 100.0, "percent_statements_covered_display": "100"}, "missing_lines": [], "excluded_lines": []}, "ResilientExecutor.get_tool_state": {"executed_lines": [98, 99, 101], "summary": {"covered_lines": 3, "num_statements": 3, "percent_covered": 100.0, "percent_covered_display": "100", "missing_lines": 0, "excluded_lines": 0, "percent_statements_covered": 100.0, "percent_statements_covered_display": "100"}, "missing_lines": [], "excluded_lines": []}, "ResilientExecutor.reset_tool": {"executed_lines": [109, 110], "summary": {"covered_lines": 2, "num_statements": 2, "percent_covered": 100.0, "percent_covered_display": "100", "missing_lines": 0, "excluded_lines": 0, "percent_statements_covered": 100.0, "percent_statements_covered_display": "100"}, "missing_lines": [], "excluded_lines": []}, "ResilientExecutor.get_all_states": {"executed_lines": [118], "summary": {"covered_lines": 1, "num_statements": 1, "percent_covered": 100.0, "percent_covered_display": "100", "missing_lines": 0, "excluded_lines": 0, "percent_statements_covered": 100.0, "percent_statements_covered_display": "100"}, "missing_lines": [], "excluded_lines": []}, "": {"executed_lines": [1, 6, 7, 8, 11, 12, 21, 25, 55, 89, 103, 112], "summary": {"covered_lines": 10, "num_statements": 10, "percent_covered": 100.0, "percent_covered_display": "100", "missing_lines": 0, "excluded_lines": 0, "percent_statements_covered": 100.0, "percent_statements_covered_display": "100"}, "missing_lines": [], "excluded_lines": []}}, "classes": {"ResilientExecutor": {"executed_lines": [22, 23, 43, 50, 77, 78, 80, 81, 84, 85, 87, 98, 99, 101, 109, 110, 118], "summary": {"covered_lines": 17, "num_statements": 17, "percent_covered": 100.0, "percent_covered_display": "100", "missing_lines": 0, "excluded_lines": 0, "percent_statements_covered": 100.0, "percent_statements_covered_display": "100"}, "missing_lines": [], "excluded_lines": []}, "": {"executed_lines": [1, 6, 7, 8, 11, 12, 21, 25, 55, 89, 103, 112], "summary": {"covered_lines": 10, "num_statements": 10, "percent_covered": 100.0, "percent_covered_display": "100", "missing_lines": 0, "excluded_lines": 0, "percent_statements_covered": 100.0, "percent_statements_covered_display": "100"}, "missing_lines": [], "excluded_lines": []}}}, "core\\engine\\resilience\\retry.py": {"executed_lines": [1, 6, 7, 8, 9, 12, 13, 15, 16, 17, 19, 20, 31, 49, 51, 52, 54, 55, 56, 57, 58, 60, 61, 62, 65, 75, 76, 78, 84, 85, 87, 89, 92, 93, 95, 111, 112, 113, 114, 115, 117, 124, 127, 130, 132, 133, 135, 138, 139, 141, 142, 143, 144], "summary": {"covered_lines": 48, "num_statements": 50, "percent_covered": 96.0, "percent_covered_display": "96", "missing_lines": 2, "excluded_lines": 0, "percent_statements_covered": 96.0, "percent_statements_covered_display": "96"}, "missing_lines": [29, 72], "excluded_lines": [], "functions": {"RetryStrategy.__init__": {"executed_lines": [16, 17], "summary": {"covered_lines": 2, "num_statements": 2, "percent_covered": 100.0, "percent_covered_display": "100", "missing_lines": 0, "excluded_lines": 0, "percent_statements_covered": 100.0, "percent_statements_covered_display": "100"}, "missing_lines": [], "excluded_lines": []}, "RetryStrategy.get_delay": {"executed_lines": [], "summary": {"covered_lines": 0, "num_statements": 1, "percent_covered": 0.0, "percent_covered_display": "0", "missing_lines": 1, "excluded_lines": 0, "percent_statements_covered": 0.0, "percent_statements_covered_display": "0"}, "missing_lines": [29], "excluded_lines": []}, "RetryStrategy.execute": {"executed_lines": [49, 51, 52, 54, 55, 56, 57, 58, 60, 61, 62, 65], "summary": {"covered_lines": 12, "num_statements": 13, "percent_covered": 92.3076923076923, "percent_covered_display": "92", "missing_lines": 1, "excluded_lines": 0, "percent_statements_covered": 92.3076923076923, "percent_statements_covered_display": "92"}, "missing_lines": [72], "excluded_lines": []}, "SimpleRetry.__init__": {"executed_lines": [84, 85], "summary": {"covered_lines": 2, "num_statements": 2, "percent_covered": 100.0, "percent_covered_display": "100", "missing_lines": 0, "excluded_lines": 0, "percent_statements_covered": 100.0, "percent_statements_covered_display": "100"}, "missing_lines": [], "excluded_lines": []}, "SimpleRetry.get_delay": {"executed_lines": [89], "summary": {"covered_lines": 1, "num_statements": 1, "percent_covered": 100.0, "percent_covered_display": "100", "missing_lines": 0, "excluded_lines": 0, "percent_statements_covered": 100.0, "percent_statements_covered_display": "100"}, "missing_lines": [], "excluded_lines": []}, "ExponentialBackoff.__init__": {"executed_lines": [111, 112, 113, 114, 115], "summary": {"covered_lines": 5, "num_statements": 5, "percent_covered": 100.0, "percent_covered_display": "100", "missing_lines": 0, "excluded_lines": 0, "percent_statements_covered": 100.0, "percent_statements_covered_display": "100"}, "missing_lines": [], "excluded_lines": []}, "ExponentialBackoff.get_delay": {"executed_lines": [124, 127, 130, 132, 133, 135], "summary": {"covered_lines": 6, "num_statements": 6, "percent_covered": 100.0, "percent_covered_display": "100", "missing_lines": 0, "excluded_lines": 0, "percent_statements_covered": 100.0, "percent_statements_covered_display": "100"}, "missing_lines": [], "excluded_lines": []}, "RetryExhausted.__init__": {"executed_lines": [142, 143, 144], "summary": {"covered_lines": 3, "num_statements": 3, "percent_covered": 100.0, "percent_covered_display": "100", "missing_lines": 0, "excluded_lines": 0, "percent_statements_covered": 100.0, "percent_statements_covered_display": "100"}, "missing_lines": [], "excluded_lines": []}, "": {"executed_lines": [1, 6, 7, 8, 9, 12, 13, 15, 19, 20, 31, 75, 76, 78, 87, 92, 93, 95, 117, 138, 139, 141], "summary": {"covered_lines": 17, "num_statements": 17, "percent_covered": 100.0, "percent_covered_display": "100", "missing_lines": 0, "excluded_lines": 0, "percent_statements_covered": 100.0, "percent_statements_covered_display": "100"}, "missing_lines": [], "excluded_lines": []}}, "classes": {"RetryStrategy": {"executed_lines": [16, 17, 49, 51, 52, 54, 55, 56, 57, 58, 60, 61, 62, 65], "summary": {"covered_lines": 14, "num_statements": 16, "percent_covered": 87.5, "percent_covered_display": "88", "missing_lines": 2, "excluded_lines": 0, "percent_statements_covered": 87.5, "percent_statements_covered_display": "88"}, "missing_lines": [29, 72], "excluded_lines": []}, "SimpleRetry": {"executed_lines": [84, 85, 89], "summary": {"covered_lines": 3, "num_statements": 3, "percent_covered": 100.0, "percent_covered_display": "100", "missing_lines": 0, "excluded_lines": 0, "percent_statements_covered": 100.0, "percent_statements_covered_display": "100"}, "missing_lines": [], "excluded_lines": []}, "ExponentialBackoff": {"executed_lines": [111, 11
[...]
s_covered": 100.0, "percent_statements_covered_display": "100"}, "missing_lines": [], "excluded_lines": []}, "ExecutionScheduler.is_complete": {"executed_lines": [246, 247, 248, 249], "summary": {"covered_lines": 4, "num_statements": 4, "percent_covered": 100.0, "percent_covered_display": "100", "missing_lines": 0, "excluded_lines": 0, "percent_statements_covered": 100.0, "percent_statements_covered_display": "100"}, "missing_lines": [], "excluded_lines": []}, "ExecutionScheduler.has_failures": {"executed_lines": [253, 254, 255, 256], "summary": {"covered_lines": 4, "num_statements": 4, "percent_covered": 100.0, "percent_covered_display": "100", "missing_lines": 0, "excluded_lines": 0, "percent_statements_covered": 100.0, "percent_statements_covered_display": "100"}, "missing_lines": [], "excluded_lines": []}, "create_task_from_spec": {"executed_lines": [261], "summary": {"covered_lines": 1, "num_statements": 1, "percent_covered": 100.0, "percent_covered_display": "100", "missing_lines": 0, "excluded_lines": 0, "percent_statements_covered": 100.0, "percent_statements_covered_display": "100"}, "missing_lines": [], "excluded_lines": []}, "": {"executed_lines": [1, 7, 8, 9, 12, 13, 15, 26, 30, 31, 33, 38, 47, 52, 79, 115, 153, 174, 181, 188, 194, 198, 202, 216, 228, 244, 251, 259], "summary": {"covered_lines": 25, "num_statements": 25, "percent_covered": 100.0, "percent_covered_display": "100", "missing_lines": 0, "excluded_lines": 0, "percent_statements_covered": 100.0, "percent_statements_covered_display": "100"}, "missing_lines": [], "excluded_lines": []}}, "classes": {"Task": {"executed_lines": [18, 19, 20, 21, 22, 23, 24], "summary": {"covered_lines": 7, "num_statements": 8, "percent_covered": 87.5, "percent_covered_display": "88", "missing_lines": 1, "excluded_lines": 0, "percent_statements_covered": 87.5, "percent_statements_covered_display": "88"}, "missing_lines": [27], "excluded_lines": []}, "ExecutionScheduler": {"executed_lines": [34, 35, 36, 40, 43, 44, 45, 49, 50, 57, 59, 60, 61, 64, 66, 67, 68, 69, 70, 71, 73, 74, 75, 77, 86, 87, 89, 90, 91, 92, 94, 95, 96, 97, 98, 99, 101, 102, 104, 105, 107, 108, 109, 110, 111, 113, 124, 125, 126, 128, 129, 130, 132, 134, 136, 137, 138, 139, 141, 145, 147, 148, 149, 151, 163, 164, 166, 168, 169, 170, 172, 176, 177, 178, 179, 183, 184, 185, 186, 190, 191, 192, 196, 200, 204, 205, 208, 209, 210, 211, 212, 214, 218, 219, 221, 222, 223, 224, 226, 230, 239, 240, 242, 246, 247, 248, 249, 253, 254, 255, 256], "summary": {"covered_lines": 111, "num_statements": 113, "percent_covered": 98.23008849557522, "percent_covered_display": "98", "missing_lines": 2, "excluded_lines": 0, "percent_statements_covered": 98.23008849557522, "percent_statements_covered_display": "98"}, "missing_lines": [143, 206], "excluded_lines": []}, "": {"executed_lines": [1, 7, 8, 9, 12, 13, 15, 26, 30, 31, 33, 38, 47, 52, 79, 115, 153, 174, 181, 188, 194, 198, 202, 216, 228, 244, 251, 259, 261], "summary": {"covered_lines": 26, "num_statements": 26, "percent_covered": 100.0, "percent_covered_display": "100", "missing_lines": 0, "excluded_lines": 0, "percent_statements_covered": 100.0, "percent_statements_covered_display": "100"}, "missing_lines": [], "excluded_lines": []}}}, "core\\engine\\state_machine.py": {"executed_lines": [1, 7, 8, 11, 12, 13, 14, 15, 16, 17, 18, 21, 22, 23, 24, 25, 26, 29, 30, 33, 53, 59, 60, 62, 63, 64, 68, 70, 71, 73, 74, 75, 79, 80, 88, 89, 90, 95, 96, 99, 100, 102, 105, 106, 108, 119, 125, 126, 128, 129, 130, 134, 136, 137, 139, 140, 141, 145, 146, 148, 149, 150, 154, 157, 160, 163, 192], "summary": {"covered_lines": 62, "num_statements": 109, "percent_covered": 56.88073394495413, "percent_covered_display": "57", "missing_lines": 47, "excluded_lines": 0, "percent_statements_covered": 56.88073394495413, "percent_statements_covered_display": "57"}, "missing_lines": [65, 66, 76, 77, 91, 92, 131, 132, 142, 143, 151, 152, 155, 158, 165, 166, 167, 168, 169, 170, 171, 172, 173, 174, 175, 176, 177, 178, 179, 180, 181, 182, 183, 184, 185, 186, 187, 188, 189, 194, 197, 198, 200, 209, 210, 211, 212], "excluded_lines": [], "functions": {"RunStateMachine.can_transition": {"executed_lines": [62, 63, 64, 68], "summary": {"covered_lines": 4, "num_statements": 6, "percent_covered": 66.66666666666667, "percent_covered_display": "67", "missing_lines": 2, "excluded_lines": 0, "percent_statements_covered": 66.66666666666667, "percent_statements_covered_display": "67"}, "missing_lines": [65, 66], "excluded_lines": []}, "RunStateMachine.is_terminal": {"executed_lines": [73, 74, 75], "summary": {"covered_lines": 3, "num_statements": 5, "percent_covered": 60.0, "percent_covered_display": "60", "missing_lines": 2, "excluded_lines": 0, "percent_statements_covered": 60.0, "percent_statements_covered_display": "60"}, "missing_lines": [76, 77], "excluded_lines": []}, "RunStateMachine.validate_transition": {"executed_lines": [88, 89, 90, 95, 96, 99, 100, 102], "summary": {"covered_lines": 8, "num_statements": 10, "percent_covered": 80.0, "percent_covered_display": "80", "missing_lines": 2, "excluded_lines": 0, "percent_statements_covered": 80.0, "percent_statements_covered_display": "80"}, "missing_lines": [91, 92], "excluded_lines": []}, "StepStateMachine.can_transition": {"executed_lines": [128, 129, 130, 134], "summary": {"covered_lines": 4, "num_statements": 6, "percent_covered": 66.66666666666667, "percent_covered_display": "67", "missing_lines": 2, "excluded_lines": 0, "percent_statements_covered": 66.66666666666667, "percent_statements_covered_display": "67"}, "missing_lines": [131, 132], "excluded_lines": []}, "StepStateMachine.is_terminal": {"executed_lines": [139, 140, 141], "summary": {"covered_lines": 3, "num_statements": 5, "percent_covered": 60.0, "percent_covered_display": "60", "missing_lines": 2, "excluded_lines": 0, "percent_statements_covered": 60.0, "percent_statements_covered_display": "60"}, "missing_lines": [142, 143], "excluded_lines": []}, "StepStateMachine.validate_transition": {"executed_lines": [148, 149, 150, 154, 157, 160], "summary": {"covered_lines": 6, "num_statements": 10, "percent_covered": 60.0, "percent_covered_display": "60", "missing_lines": 4, "excluded_lines": 0, "percent_statements_covered": 60.0, "percent_statements_covered_display": "60"}, "missing_lines": [151, 152, 155, 158], "excluded_lines": []}, "generate_state_diagram": {"executed_lines": [], "summary": {"covered_lines": 0, "num_statements": 25, "percent_covered": 0.0, "percent_covered_display": "0", "missing_lines": 25, "excluded_lines": 0, "percent_statements_covered": 0.0, "percent_statements_covered_display": "0"}, "missing_lines": [165, 166, 167, 168, 169, 170, 171, 172, 173, 174, 175, 176, 177, 178, 179, 180, 181, 182, 183, 184, 185, 186, 187, 188, 189], "excluded_lines": []}, "": {"executed_lines": [1, 7, 8, 11, 12, 13, 14, 15, 16, 17, 18, 21, 22, 23, 24, 25, 26, 29, 30, 33, 53, 59, 60, 70, 71, 79, 80, 105, 106, 108, 119, 125, 126, 136, 137, 145, 146, 163, 192], "summary": {"covered_lines": 34, "num_statements": 42, "percent_covered": 80.95238095238095, "percent_covered_display": "81", "missing_lines": 8, "excluded_lines": 0, "percent_statements_covered": 80.95238095238095, "percent_statements_covered_display": "81"}, "missing_lines": [194, 197, 198, 200, 209, 210, 211, 212], "excluded_lines": []}}, "classes": {"RunState": {"executed_lines": [], "summary": {"covered_lines": 0, "num_statements": 0, "percent_covered": 100.0, "percent_covered_display": "100", "missing_lines": 0, "excluded_lines": 0, "percent_statements_covered": 100.0, "percent_statements_covered_display": "100"}, "missing_lines": [], "excluded_lines": []}, "StepState": {"executed_lines": [], "summary": {"covered_lines": 0, "num_statements": 0, "percent_covered": 100.0, "percent_covered_display": "100", "missing_lines": 0, "excluded_lines": 0, "percent_statements_covered": 100.0, "percent_statements_covered_display": "100"}, "missing_lines": [], "excluded_lines": []}, "RunStateMachine": {"executed_lines": [62, 63, 64, 68, 73, 74, 75, 88, 89, 90, 95, 96, 99, 100, 102], "summary": {"covered_lines": 15, "num_statements": 21, "percent_covered": 71.42857142857143, "percent_covered_display": "71", "missing_lines": 6, "excluded_lines": 0, "percent_statements_covered": 71.42857142857143, "percent_statements_covered_display": "71"}, "missing_lines": [65, 66, 76, 77, 91, 92], "excluded_lines": []}, "StepStateMachine": {"executed_lines": [128, 129, 130, 134, 139, 140, 141, 148, 149, 150, 154, 157, 160], "summary": {"covered_lines": 13, "num_statements": 21, "percent_covered": 61.904761904761905, "percent_covered_display": "62", "missing_lines": 8, "excluded_lines": 0, "percent_statements_covered": 61.904761904761905, "percent_statements_covered_display": "62"}, "missing_lines": [131, 132, 142, 143, 151, 152, 155, 158], "excluded_lines": []}, "": {"executed_lines": [1, 7, 8, 11, 12, 13, 14, 15, 16, 17, 18, 21, 22, 23, 24, 25, 26, 29, 30, 33, 53, 59, 60, 70, 71, 79, 80, 105, 106, 108, 119, 125, 126, 136, 137, 145, 146, 163, 192], "summary": {"covered_lines": 34, "num_statements": 67, "percent_covered": 50.74626865671642, "percent_covered_display": "51", "missing_lines": 33, "excluded_lines": 0, "percent_statements_covered": 50.74626865671642, "percent_statements_covered_display": "51"}, "missing_lines": [165, 166, 167, 168, 169, 170, 171, 172, 173, 174, 175, 176, 177, 178, 179, 180, 181, 182, 183, 184, 185, 186, 187, 188, 189, 194, 197, 198, 200, 209, 210, 211, 212], "excluded_lines": []}}}, "core\\state\\__init__.py": {"executed_lines": [1], "summary": {"covered_lines": 0, "num_statements": 0, "percent_covered": 100.0, "percent_covered_display": "100", "missing_lines": 0, "excluded_lines": 0, "percent_statements_covered": 100.0, "percent_statements_covered_display": "100"}, "missing_lines": [], "excluded_lines": [], "functions": {"": {"executed_lines": [1], "summary": {"covered_lines": 0, "num_statements": 0, "percent_covered": 100.0, "percent_covered_display": "100", "missing_lines": 0, "excluded_lines": 0, "percent_statements_covered": 100.0, "percent_statements_covered_display": "100"}, "missing_lines": [], "excluded_lines": []}}, "classes": {"": {"executed_lines": [1], "summary": {"covered_lines": 0, "num_statements": 0, "percent_covered": 100.0, "percent_covered_display": "100", "missing_lines": 0, "excluded_lines": 0, "percent_statements_covered": 100.0, "percent_statements_covered_display": "100"}, "missing_lines": [], "excluded_lines": []}}}, "core\\state\\db.py": {"executed_lines": [1, 7, 8, 9, 10, 11, 14, 15, 17, 18, 19, 20, 22, 24, 25, 26, 27, 29, 31, 32, 33, 35, 37, 40, 61, 85, 97, 98, 99, 100, 102, 106, 108, 111, 113, 129, 130, 132, 134, 135, 136, 138, 142, 143, 144, 146, 148, 150, 153, 154, 156, 157, 160, 163, 164, 166, 169, 170, 172, 173, 175, 186, 188, 190, 191, 192, 194, 195, 196, 197, 199, 200, 202, 203, 205, 206, 208, 209, 210, 211, 212, 213, 215, 219, 221, 223, 225, 245, 246, 248, 250, 251, 252, 254, 257, 258, 259, 261, 263, 265, 267, 268, 270, 271, 274, 277, 278, 280, 283, 284, 286, 287, 289, 291, 292, 298, 300, 301, 302, 303, 304, 305, 307, 311, 313, 315, 317, 328, 329, 331, 333, 334, 340, 342, 343, 344, 345, 346, 347, 349, 353, 356, 365], "summary": {"covered_lines": 141, "num_statements": 161, "percent_covered": 87.5776397515528, "percent_covered_display": "88", "missing_lines": 20, "excluded_lines": 0, "percent_statements_covered": 87.5776397515528, "percent_statements_covered_display": "88"}, "missing_lines": [139, 158, 161, 167, 177, 180, 181, 182, 184, 255, 272, 275, 281, 359, 360, 361, 362, 367, 368, 369], "excluded_lines": [], "functions": {"Database.__init__": {"executed_lines": [18, 19, 20], "summary": {"covered_lines": 3, "num_statements": 3, "percent_covered": 100.0, "percent_covered_display": "100", "missing_lines": 0, "excluded_lines": 0, "percent_statements_covered": 100.0, "percent_statements_covered_display": "100"}, "missing_lines": [], "excluded_lines": []}, "Database.connect": {"executed_lines": [24, 25, 26, 27], "summary": {"covered_lines": 4, "num_statements": 4, "percent_covered": 100.0, "percent_covered_display": "100", "missing_lines": 0, "excluded_lines": 0, "percent_statements_covered": 100.0, "percent_statements_covered_display": "100"}, "missing_lines": [], "excluded_lines": []}, "Database.close": {"executed_lines": [31, 32, 33], "summary": {"covered_lines": 3, "num_statements": 3, "percent_covered": 100.0, "percent_covered_display": "100", "missing_lines": 0, "excluded_lines": 0, "percent_statements_covered": 100.0, "percent_statements_covered_display": "100"}, "missing_lines": [], "excluded_lines": []}, "Database._initialize_schema": {"executed_lines": [37, 40, 61, 85, 97, 98, 99, 100, 102], "summary": {"covered_lines": 9, "num_statements": 9, "percent_covered": 100.0, "percent_covered_display": "100", "missing_lines": 0, "excluded_lines": 0, "percent_statements_covered": 100.0, "percent_statements_covered_display": "100"}, "missing_lines": [], "excluded_lines": []}, "Database.create_run": {"executed_lines": [108, 111, 113, 129, 130], "summary": {"covered_lines": 5, "num_statements": 5, "percent_covered": 100.0, "percent_covered_display": "100", "missing_lines": 0, "excluded_lines": 0, "percent_statements_covered": 100.0, "percent_statements_covered_display": "100"}, "missing_lines": [], "excluded_lines": []}, "Database.get_run": {"executed_lines": [134, 135, 136, 138, 142, 143, 144, 146], "summary": {"covered_lines": 8, "num_statements": 9, "percent_covered": 88.88888888888889, "percent_covered_display": "89", "missing_lines": 1, "excluded_lines": 0, "percent_statements_covered": 88.88888888888889, "percent_statements_covered_display": "89"}, "missing_lines": [139], "excluded_lines": []}, "Database.update_run": {"executed_lines": [150, 153, 154, 156, 157, 160, 163, 164, 166, 169, 170, 172, 173], "summary": {"covered_lines": 13, "num_statements": 16, "percent_covered": 81.25, "percent_covered_display": "81", "missing_lines": 3, "excluded_lines": 0, "percent_statements_covered": 81.25, "percent_statements_covered_display": "81"}, "missing_lines": [158, 161, 167], "excluded_lines": []}, "Database.delete_run": {"executed_lines": [], "summary": {"covered_lines": 0, "num_statements": 5, "percent_covered": 0.0, "percent_covered_display": "0", "missing_lines": 5, "excluded_lines": 0, "percent_statements_covered": 0.0, "percent_statements_covered_display": "0"}, "missing_lines": [177, 180, 181, 182, 184], "excluded_lines": []}, "Database.list_runs": {"executed_lines": [188, 190, 191, 192, 194, 195, 196, 197, 199, 200, 202, 203, 205, 206, 208, 209, 210, 211, 212, 213, 215], "summary": {"covered_lines": 21, "num_statements": 21, "percent_covered": 100.0, "percent_covered_display": "100", "missing_lines": 0, "excluded_lines": 0, "percent_statements_covered": 100.0, "percent_statements_covered_display": "100"}, "missing_lines": [], "excluded_lines": []}, "Database.create_step_attempt": {"executed_lines": [221, 223, 225, 245, 246], "summary": {"covered_lines": 5, "num_statements": 5, "percent_covered": 100.0, "percent_covered_display": "100", "missing_lines": 0, "excluded_lines": 0, "percent_statements_covered": 100.0, "percent_statements_covered_display": "100"}, "missing_lines": [], "excluded_lines": []}, "Database.get_step_attempt": {"executed_lines": [250, 251, 252, 254, 257, 258, 259, 261], "summary": {"covered_lines": 8, "num_statements": 9, "percent_covered": 88.88888888888889, "percent_covered_display": "89", "missing_lines": 1, "excluded_lines": 0, "percent_statements_covered": 88.88888888888889, "percent_statements_covered_display": "89"}, "missing_lines": [255], "excluded_lines": []}, "Database.update_step_attempt": {"executed_lines": [265, 267, 268, 270, 271, 274, 277, 278, 280, 283, 284, 286, 287], "summary": {"covered_lines": 13, "num_statements": 16, "percent_covered": 81.25, "percent_covered_display": "81", "missing_lines": 3, "excluded_lines": 0, "percent_statements_covered": 81.25, "percent_statements_covered_display": "81"}, "missing_lines": [272, 275, 281], "excluded_lines": []}, "Database.list_step_attempts": {"executed_lines": [291, 292, 298, 300, 301, 302, 303, 304, 305, 307], "summary": {"covered_lines": 10, "num_statements": 10, "percent_covered": 100.0, "percent_covered_display": "100", "missing_lines": 0, "excluded_lines": 0, "percent_statements_covered": 100.0, "percent_statements_covered_display": "100"}, "missing_lines": [], "excluded_lines": []}, "Database.create_event": {"executed_lines": [313, 315, 317, 328, 329], "summary": {"covered_lines": 5, "num_statements": 5, "percent_covered": 100.0, "percent_covered_display": "100", "missing_lines": 0, "excluded_lines": 0, "percent_statements_covered": 100.0, "percent_statements_covered_display": "100"}, "missing_lines": [], "excluded_lines": []}, "Database.list_events": {"executed_lines": [333, 334, 340, 342, 343, 344, 345, 346, 347, 349], "summary": {"covered_lines": 10, "num_statements": 10, "percent_covered": 100.0, "percent_covered_display": "100", "missing_lines": 0, "excluded_lines": 0, "percent_statements_covered": 100.0, "percent_statements_covered_display": "100"}, "missing_lines": [], "excluded_lines": []}, "get_db": {"executed_lines": [], "summary": {"covered_lines": 0, "num_statements": 4, "percent_covered": 0.0, "percent_covered_display": "0", "missing_lines": 4, "excluded_lines": 0, "percent_statements_covered": 0.0, "percent_statements_covered_display": "0"}, "missing_lines": [359, 360, 361, 362], "excluded_lines": []}, "init_db": {"executed_lines": [], "summary": {"covered_lines": 0, "num_statements": 3, "percent_covered": 0.0, "percent_covered_display": "0", "missing_lines": 3, "excluded_lines": 0, "percent_statements_covered": 0.0, "percent_statements_covered_display": "0"}, "missing_lines": [367, 368, 369], "excluded_lines": []}, "": {"executed_lines": [1, 7, 8, 9, 10, 11, 14, 15, 17, 22, 29, 35, 106, 132, 148, 175, 186, 219, 248, 263, 289, 311, 331, 353, 356, 365], "summary": {"covered_lines": 24, "num_statements": 24, "percent_covered": 100.0, "percent_covered_display": "100", "missing_lines": 0, "excluded_lines": 0, "percent_statements_covered": 100.0, "percent_statements_covered_display": "100"}, "missing_lines": [], "excluded_lines": []}}, "classes": {"Database": {"executed_lines": [18, 19, 20, 24, 25, 26, 27, 31, 32, 33, 37, 40, 61, 85, 97, 98, 99, 100, 102, 108, 111, 113, 129, 130, 134, 135, 136, 138, 142, 143, 144, 146, 150, 153, 154, 156, 157, 160, 163, 164, 166, 169, 170, 172, 173, 188, 190, 191, 192, 194, 195, 196, 197, 199, 200, 202, 203, 205, 206, 208, 209, 210, 211, 212, 213, 215, 221, 223, 225, 245, 246, 250, 251, 252, 254, 257, 258, 259, 261, 265, 267, 268, 270, 271, 274, 277, 278, 280, 283, 284, 286, 287, 291, 292, 298, 300, 301, 302, 303, 304, 305, 307, 313, 315, 317, 328, 329, 333, 334, 340, 342, 343, 344, 345, 346, 347, 349], "summary": {"covered_lines": 117, "num_statements": 130, "percent_covered": 90.0, "percent_covered_display": "90", "missing_lines": 13, "excluded_lines": 0, "percent_statements_covered": 90.0, "percent_statements_covered_display": "90"}, "missing_lines": [139, 158, 161, 167, 177, 180, 181, 182, 184, 255, 272, 275, 281], "excluded_lines": []}, "": {"executed_lines": [1, 7, 8, 9, 10, 11, 14, 15, 17, 22, 29, 35, 106, 132, 148, 175, 186, 219, 248, 263, 289, 311, 331, 353, 356, 365], "summary": {"covered_lines": 24, "num_statements": 31, "percent_covered": 77.41935483870968, "percent_covered_display": "77", "missing_lines": 7, "excluded_lines": 0, "percent_statements_covered": 77.41935483870968, "percent_statements_covered_display": "77"}, "missing_lines": [359, 360, 361, 362, 367, 368, 369], "excluded_lines": []}}}}, "totals": {"covered_lines": 1142, "num_statements": 1481, "percent_covered": 77.11006076975016, "percent_covered_display": "77", "missing_lines": 339, "excluded_lines": 0, "percent_statements_covered": 77.11006076975016, "percent_statements_covered_display": "77"}}