{
  "meta": {
    "format": 3,
    "version": "7.12.0",
    "timestamp": "2025-12-04T01:42:32.262263",
    "branch_coverage": false,
    "show_contexts": false
  },
  "files": {
    "phase6_error_recovery\\modules\\error_engine\\src\\engine\\__init__.py": {
      "executed_lines": [
        1
      ],
      "summary": {
        "covered_lines": 0,
        "num_statements": 0,
        "percent_covered": 100.0,
        "percent_covered_display": "100",
        "missing_lines": 0,
        "excluded_lines": 0,
        "percent_statements_covered": 100.0,
        "percent_statements_covered_display": "100"
      },
      "missing_lines": [],
      "excluded_lines": [],
      "functions": {
        "": {
          "executed_lines": [
            1
          ],
          "summary": {
            "covered_lines": 0,
            "num_statements": 0,
            "percent_covered": 100.0,
            "percent_covered_display": "100",
            "missing_lines": 0,
            "excluded_lines": 0,
            "percent_statements_covered": 100.0,
            "percent_statements_covered_display": "100"
          },
          "missing_lines": [],
          "excluded_lines": []
        }
      },
      "classes": {
        "": {
          "executed_lines": [
            1
          ],
          "summary": {
            "covered_lines": 0,
            "num_statements": 0,
            "percent_covered": 100.0,
            "percent_covered_display": "100",
            "missing_lines": 0,
            "excluded_lines": 0,
            "percent_statements_covered": 100.0,
            "percent_statements_covered_display": "100"
          },
          "missing_lines": [],
          "excluded_lines": []
        }
      }
    },
    "phase6_error_recovery\\modules\\error_engine\\src\\engine\\agent_adapters.py": {
      "executed_lines": [
        1,
        7,
        9,
        10,
        11,
        12,
        13,
        14,
        17,
        18,
        19,
        21,
        22,
        23,
        24,
        25,
        26,
        27,
        30,
        31,
        32,
        34,
        35,
        36,
        37,
        38,
        39,
        40,
        43,
        44,
        46,
        47,
        48,
        50,
        54,
        58,
        60,
        61,
        62,
        64,
        67,
        68,
        69,
        70,
        72,
        73,
        74,
        75,
        76,
        77,
        78,
        79,
        81,
        84,
        85,
        87,
        88,
        90,
        94,
        96,
        98,
        99,
        109,
        112,
        115,
        116,
        119,
        122,
        125,
        126,
        129,
        131,
        132,
        141,
        144,
        145,
        147,
        160,
        161,
        162,
        170,
        171,
        172,
        181,
        184,
        185,
        186,
        187,
        188,
        189,
        192,
        193,
        195,
        196,
        198,
        212,
        214,
        216,
        217,
        227,
        231,
        233,
        244,
        245,
        247,
        248,
        250,
        252,
        253,
        255,
        257,
        259,
        260,
        271,
        275,
        277,
        288,
        301,
        307,
        308,
        309,
        314,
        317,
        323
      ],
      "summary": {
        "covered_lines": 117,
        "num_statements": 125,
        "percent_covered": 93.6,
        "percent_covered_display": "94",
        "missing_lines": 8,
        "excluded_lines": 0,
        "percent_statements_covered": 93.6,
        "percent_statements_covered_display": "94"
      },
      "missing_lines": [
        52,
        56,
        92,
        201,
        202,
        208,
        209,
        210
      ],
      "excluded_lines": [],
      "functions": {
        "AgentAdapter.__init__": {
          "executed_lines": [
            47,
            48
          ],
          "summary": {
            "covered_lines": 2,
            "num_statements": 2,
            "percent_covered": 100.0,
            "percent_covered_display": "100",
            "missing_lines": 0,
            "excluded_lines": 0,
            "percent_statements_covered": 100.0,
            "percent_statements_covered_display": "100"
          },
          "missing_lines": [],
          "excluded_lines": []
        },
        "AgentAdapter.check_available": {
          "executed_lines": [],
          "summary": {
            "covered_lines": 0,
            "num_statements": 1,
            "percent_covered": 0.0,
            "percent_covered_display": "0",
            "missing_lines": 1,
            "excluded_lines": 0,
            "percent_statements_covered": 0.0,
            "percent_statements_covered_display": "0"
          },
          "missing_lines": [
            52
          ],
          "excluded_lines": []
        },
        "AgentAdapter.invoke": {
          "executed_lines": [],
          "summary": {
            "covered_lines": 0,
            "num_statements": 1,
            "percent_covered": 0.0,
            "percent_covered_display": "0",
            "missing_lines": 1,
            "excluded_lines": 0,
            "percent_statements_covered": 0.0,
            "percent_statements_covered_display": "0"
          },
          "missing_lines": [
            56
          ],
          "excluded_lines": []
        },
        "AgentAdapter._format_error_prompt": {
          "executed_lines": [
            60,
            61,
            62,
            64,
            67,
            68,
            69,
            70,
            72,
            73,
            74,
            75,
            76,
            77,
            78,
            79,
            81
          ],
          "summary": {
            "covered_lines": 17,
            "num_statements": 17,
            "percent_covered": 100.0,
            "percent_covered_display": "100",
            "missing_lines": 0,
            "excluded_lines": 0,
            "percent_statements_covered": 100.0,
            "percent_statements_covered_display": "100"
          },
          "missing_lines": [],
          "excluded_lines": []
        },
        "AiderAdapter.__init__": {
          "executed_lines": [
            88
          ],
          "summary": {
            "covered_lines": 1,
            "num_statements": 1,
            "percent_covered": 100.0,
            "percent_covered_display": "100",
            "missing_lines": 0,
            "excluded_lines": 0,
            "percent_statements_covered": 100.0,
            "percent_statements_covered_display": "100"
          },
          "missing_lines": [],
          "excluded_lines": []
        },
        "AiderAdapter.check_available": {
          "executed_lines": [],
          "summary": {
            "covered_lines": 0,
            "num_statements": 1,
            "percent_covered": 0.0,
            "percent_covered_display": "0",
            "missing_lines": 1,
            "excluded_lines": 0,
            "percent_statements_covered": 0.0,
            "percent_statements_covered_display": "0"
          },
          "missing_lines": [
            92
          ],
          "excluded_lines": []
        },
        "AiderAdapter.invoke": {
          "executed_lines": [
            96,
            98,
            99,
            109,
            112,
            115,
            116,
            119,
            122,
            125,
            126,
            129,
            131,
            132,
            141,
            144,
            145,
            147,
            160,
            161,
            162,
            170,
            171,
            172
          ],
          "summary": {
            "covered_lines": 24,
            "num_statements": 24,
            "percent_covered": 100.0,
            "percent_covered_display": "100",
            "missing_lines": 0,
            "excluded_lines": 0,
            "percent_statements_covered": 100.0,
            "percent_statements_covered_display": "100"
          },
          "missing_lines": [],
          "excluded_lines": []
        },
        "AiderAdapter._extract_modified_files": {
          "executed_lines": [
            184,
            185,
            186,
            187,
            188,
            189
          ],
          "summary": {
            "covered_lines": 6,
            "num_statements": 6,
            "percent_covered": 100.0,
            "percent_covered_display": "100",
            "missing_lines": 0,
            "excluded_lines": 0,
            "percent_statements_covered": 100.0,
            "percent_statements_covered_display": "100"
          },
          "missing_lines": [],
          "excluded_lines": []
        },
        "CodexAdapter.__init__": {
          "executed_lines": [
            196
          ],
          "summary": {
            "covered_lines": 1,
            "num_statements": 1,
            "percent_covered": 100.0,
            "percent_covered_display": "100",
            "missing_lines": 0,
            "excluded_lines": 0,
            "percent_statements_covered": 100.0,
            "percent_statements_covered_display": "100"
          },
          "missing_lines": [],
          "excluded_lines": []
        },
        "CodexAdapter.check_available": {
          "executed_lines": [],
          "summary": {
            "covered_lines": 0,
            "num_statements": 5,
            "percent_covered": 0.0,
            "percent_covered_display": "0",
            "missing_lines": 5,
            "excluded_lines": 0,
            "percent_statements_covered": 0.0,
            "percent_statements_covered_display": "0"
          },
          "missing_lines": [
            201,
            202,
            208,
            209,
            210
          ],
          "excluded_lines": []
        },
        "CodexAdapter.invoke": {
          "executed_lines": [
            214,
            216,
            217,
            227,
            231,
            233
          ],
          "summary": {
            "covered_lines": 6,
            "num_statements": 6,
            "percent_covered": 100.0,
            "percent_covered_display": "100",
            "missing_lines": 0,
            "excluded_lines": 0,
            "percent_statements_covered": 100.0,
            "percent_statements_covered_display": "100"
          },
          "missing_lines": [],
          "excluded_lines": []
        },
        "ClaudeAdapter.__init__": {
          "executed_lines": [
            248
          ],
          "summary": {
            "covered_lines": 1,
            "num_statements": 1,
            "percent_covered": 100.0,
            "percent_covered_display": "100",
            "missing_lines": 0,
            "excluded_lines": 0,
            "percent_statements_covered": 100.0,
            "percent_statements_covered_display": "100"
          },
          "missing_lines": [],
          "excluded_lines": []
        },
        "ClaudeAdapter.check_available": {
          "executed_lines": [
            252,
            253
          ],
          "summary": {
            "covered_lines": 2,
            "num_statements": 2,
            "percent_covered": 100.0,
            "percent_covered_display": "100",
            "missing_lines": 0,
            "excluded_lines": 0,
            "percent_statements_covered": 100.0,
            "percent_statements_covered_display": "100"
          },
          "missing_lines": [],
          "excluded_lines": []
        },
        "ClaudeAdapter.invoke": {
          "executed_lines": [
            257,
            259,
            260,
            271,
            275,
            277
          ],
          "summary": {
            "covered_lines": 6,
            "num_statements": 6,
            "percent_covered": 100.0,
            "percent_covered_display": "100",
            "missing_lines": 0,
            "excluded_lines": 0,
            "percent_statements_covered": 100.0,
            "percent_statements_covered_display": "100"
          },
          "missing_lines": [],
          "excluded_lines": []
        },
        "get_agent_adapter": {
          "executed_lines": [
            301,
            307,
            308,
            309,
            314
          ],
          "summary": {
            "covered_lines": 5,
            "num_statements": 5,
            "percent_covered": 100.0,
            "percent_covered_display": "100",
            "missing_lines": 0,
            "excluded_lines": 0,
            "percent_statements_covered": 100.0,
            "percent_statements_covered_display": "100"
          },
          "missing_lines": [],
          "excluded_lines": []
        },
        "check_agent_availability": {
          "executed_lines": [
            323
          ],
          "summary": {
            "covered_lines": 1,
            "num_statements": 1,
            "percent_covered": 100.0,
            "percent_covered_display": "100",
            "missing_lines": 0,
            "excluded_lines": 0,
            "percent_statements_covered": 100.0,
            "percent_statements_covered_display": "100"
          },
          "missing_lines": [],
          "excluded_lines": []
        },
        "": {
          "executed_lines": [
            1,
            7,
            9,
            10,
            11,
            12,
            13,
            14,
            17,
            18,
            19,
            21,
            22,
            23,
            24,
            25,
            26,
            27,
            30,
            31,
            32,
            34,
            35,
            36,
            37,
            38,
            39,
            40,
            43,
            44,
            46,
            50,
            54,
            58,
            84,
            85,
            87,
            90,
            94,
            181,
            192,
            193,
            195,
            198,
            212,
            244,
            245,
            247,
            250,
            255,
            288,
            317
          ],
          "summary": {
            "covered_lines": 45,
            "num_statements": 45,
            "percent_covered": 100.0,
            "percent_covered_display": "100",
            "missing_lines": 0,
            "excluded_lines": 0,
            "percent_statements_covered": 100.0,
            "percent_statements_covered_display": "100"
          },
          "missing_lines": [],
          "excluded_lines": []
        }
      },
      "classes": {
        "AgentInvocation": {
          "executed_lines": [],
          "summary": {
            "covered_lines": 0,
            "num_statements": 0,
            "percent_covered": 100.0,
            "percent_covered_display": "100",
            "missing_lines": 0,
            "excluded_lines": 0,
            "percent_statements_covered": 100.0,
            "percent_statements_covered_display": "100"
          },
          "missing_lines": [],
          "excluded_lines": []
        },
        "AgentResult": {
          "executed_lines": [],
          "summary": {
            "covered_lines": 0,
            "num_statements": 0,
            "percent_covered": 100.0,
            "percent_covered_display": "100",
            "missing_lines": 0,
            "excluded_lines": 0,
            "percent_statements_covered": 100.0,
            "percent_statements_covered_display": "100"
          },
          "missing_lines": [],
          "excluded_lines": []
        },
        "AgentAdapter": {
          "executed_lines": [
            47,
            48,
            60,
            61,
            62,
            64,
            67,
            68,
            69,
            70,
            72,
            73,
            74,
            75,
            76,
            77,
            78,
            79,
            81
          ],
          "summary": {
            "covered_lines": 19,
            "num_statements": 21,
            "percent_covered": 90.47619047619048,
            "percent_covered_display": "90",
            "missing_lines": 2,
            "excluded_lines": 0,
            "percent_statements_covered": 90.47619047619048,
            "percent_statements_covered_display": "90"
          },
          "missing_lines": [
            52,
            56
          ],
          "excluded_lines": []
        },
        "AiderAdapter": {
          "executed_lines": [
            88,
            96,
            98,
            99,
            109,
            112,
            115,
            116,
            119,
            122,
            125,
            126,
            129,
            131,
            132,
            141,
            144,
            145,
            147,
            160,
            161,
            162,
            170,
            171,
            172,
            184,
            185,
            186,
            187,
            188,
            189
          ],
          "summary": {
            "covered_lines": 31,
            "num_statements": 32,
            "percent_covered": 96.875,
            "percent_covered_display": "97",
            "missing_lines": 1,
            "excluded_lines": 0,
            "percent_statements_covered": 96.875,
            "percent_statements_covered_display": "97"
          },
          "missing_lines": [
            92
          ],
          "excluded_lines": []
        },
        "CodexAdapter": {
          "executed_lines": [
            196,
            214,
            216,
            217,
            227,
            231,
            233
          ],
          "summary": {
            "covered_lines": 7,
            "num_statements": 12,
            "percent_covered": 58.333333333333336,
            "percent_covered_display": "58",
            "missing_lines": 5,
            "excluded_lines": 0,
            "percent_statements_covered": 58.333333333333336,
            "percent_statements_covered_display": "58"
          },
          "missing_lines": [
            201,
            202,
            208,
            209,
            210
          ],
          "excluded_lines": []
        },
        "ClaudeAdapter": {
          "executed_lines": [
            248,
            252,
            253,
            257,
            259,
            260,
            271,
            275,
            277
          ],
          "summary": {
            "covered_lines": 9,
            "num_statements": 9,
            "percent_covered": 100.0,
            "percent_covered_display": "100",
            "missing_lines": 0,
            "excluded_lines": 0,
            "percent_statements_covered": 100.0,
            "percent_statements_covered_display": "100"
          },
          "missing_lines": [],
          "excluded_lines": []
        },
        "": {
          "executed_lines": [
            1,
            7,
            9,
            10,
            11,
            12,
            13,
            14,
            17,
            18,
            19,
            21,
            22,
            23,
            24,
            25,
            26,
            27,
            30,
            31,
            32,
            34,
            35,
            36,
            37,
            38,
            39,
            40,
            43,
            44,
            46,
            50,
            54,
            58,
            84,
            85,
            87,
            90,
            94,
            181,
            192,
            193,
            195,
            198,
            212,
            244,
            245,
            247,
            250,
            255,
            288,
            301,
            307,
            308,
            309,
            314,
            317,
            323
          ],
          "summary": {
            "covered_lines": 51,
            "num_statements": 51,
            "percent_covered": 100.0,
            "percent_covered_display": "100",
            "missing_lines": 0,
            "excluded_lines": 0,
            "percent_statements_covered": 100.0,
            "percent_statements_covered_display": "100"
          },
          "missing_lines": [],
          "excluded_lines": []
        }
      }
    },
    "phase6_error_recovery\\modules\\error_engine\\src\\engine\\error_context.py": {
      "executed_lines": [
        2,
        4,
        5,
        8,
        9,
        11,
        12,
        15,
        16,
        19,
        20,
        21,
        22,
        23,
        24,
        27,
        28,
        29,
        32,
        33,
        36,
        39,
        40,
        43,
        45,
        46,
        48,
        49,
        50,
        52,
        53,
        55,
        56,
        57
      ],
      "summary": {
        "covered_lines": 34,
        "num_statements": 34,
        "percent_covered": 100.0,
        "percent_covered_display": "100",
        "missing_lines": 0,
        "excluded_lines": 0,
        "percent_statements_covered": 100.0,
        "percent_statements_covered_display": "100"
      },
      "missing_lines": [],
      "excluded_lines": [],
      "functions": {
        "ErrorPipelineContext.to_json": {
          "executed_lines": [
            46
          ],
          "summary": {
            "covered_lines": 1,
            "num_statements": 1,
            "percent_covered": 100.0,
            "percent_covered_display": "100",
            "missing_lines": 0,
            "excluded_lines": 0,
            "percent_statements_covered": 100.0,
            "percent_statements_covered_display": "100"
          },
          "missing_lines": [],
          "excluded_lines": []
        },
        "ErrorPipelineContext.from_json": {
          "executed_lines": [
            50
          ],
          "summary": {
            "covered_lines": 1,
            "num_statements": 1,
            "percent_covered": 100.0,
            "percent_covered_display": "100",
            "missing_lines": 0,
            "excluded_lines": 0,
            "percent_statements_covered": 100.0,
            "percent_statements_covered_display": "100"
          },
          "missing_lines": [],
          "excluded_lines": []
        },
        "ErrorPipelineContext.record_ai_attempt": {
          "executed_lines": [
            53
          ],
          "summary": {
            "covered_lines": 1,
            "num_statements": 1,
            "percent_covered": 100.0,
            "percent_covered_display": "100",
            "missing_lines": 0,
            "excluded_lines": 0,
            "percent_statements_covered": 100.0,
            "percent_statements_covered_display": "100"
          },
          "missing_lines": [],
          "excluded_lines": []
        },
        "ErrorPipelineContext.update_error_reports": {
          "executed_lines": [
            56,
            57
          ],
          "summary": {
            "covered_lines": 2,
            "num_statements": 2,
            "percent_covered": 100.0,
            "percent_covered_display": "100",
            "missing_lines": 0,
            "excluded_lines": 0,
            "percent_statements_covered": 100.0,
            "percent_statements_covered_display": "100"
          },
          "missing_lines": [],
          "excluded_lines": []
        },
        "": {
          "executed_lines": [
            2,
            4,
            5,
            8,
            9,
            11,
            12,
            15,
            16,
            19,
            20,
            21,
            22,
            23,
            24,
            27,
            28,
            29,
            32,
            33,
            36,
            39,
            40,
            43,
            45,
            48,
            49,
            52,
            55
          ],
          "summary": {
            "covered_lines": 29,
            "num_statements": 29,
            "percent_covered": 100.0,
            "percent_covered_display": "100",
            "missing_lines": 0,
            "excluded_lines": 0,
            "percent_statements_covered": 100.0,
            "percent_statements_covered_display": "100"
          },
          "missing_lines": [],
          "excluded_lines": []
        }
      },
      "classes": {
        "ErrorPipelineContext": {
          "executed_lines": [
            46,
            50,
            53,
            56,
            57
          ],
          "summary": {
            "covered_lines": 5,
            "num_statements": 5,
            "percent_covered": 100.0,
            "percent_covered_display": "100",
            "missing_lines": 0,
            "excluded_lines": 0,
            "percent_statements_covered": 100.0,
            "percent_statements_covered_display": "100"
          },
          "missing_lines": [],
          "excluded_lines": []
        },
        "": {
          "executed_lines": [
            2,
            4,
            5,
            8,
            9,
            11,
            12,
            15,
            16,
            19,
            20,
            21,
            22,
            23,
            24,
            27,
            28,
            29,
            32,
            33,
            36,
            39,
            40,
            43,
            45,
            48,
            49,
            52,
            55
          ],
          "summary": {
            "covered_lines": 29,
            "num_statements": 29,
            "percent_covered": 100.0,
            "percent_covered_display": "100",
            "missing_lines": 0,
            "excluded_lines": 0,
            "percent_statements_covered": 100.0,
            "percent_statements_covered_display": "100"
          },
          "missing_lines": [],
          "excluded_lines": []
        }
      }
    },
    "phase6_error_recovery\\modules\\error_engine\\src\\engine\\error_engine.py": {
      "executed_lines": [
        1,
        3
      ],
      "summary": {
        "covered_lines": 1,
        "num_statements": 1,
        "percent_covered": 100.0,
        "percent_covered_display": "100",
        "missing_lines": 0,
        "excluded_lines": 0,
        "percent_statements_covered": 100.0,
        "percent_statements_covered_display": "100"
      },
      "missing_lines": [],
      "excluded_lines": [],
      "functions": {
        "": {
          "executed_lines": [
            1,
            3
          ],
          "summary": {
            "covered_lines": 1,
            "num_statements": 1,
            "percent_covered": 100.0,
            "percent_covered_display": "100",
            "missing_lines": 0,
            "excluded_lines": 0,
            "percent_statements_covered": 100.0,
            "percent_statements_covered_display": "100"
          },
          "missing_lines": [],
          "excluded_lines": []
        }
      },
      "classes": {
        "": {
          "executed_lines": [
            1,
            3
          ],
          "summary": {
            "covered_lines": 1,
            "num_statements": 1,
            "percent_covered": 100.0,
            "percent_covered_display": "100",
            "missing_lines": 0,
            "excluded_lines": 0,
            "percent_statements_covered": 100.0,
            "percent_statements_covered_display": "100"
          },
          "missing_lines": [],
          "excluded_lines": []
        }
      }
    },
    "phase6_error_recovery\\modules\\error_engine\\src\\engine\\error_state_machine.py": {
      "executed_lines": [
        2,
        4,
        6,
        10,
        11,
        12,
        13,
        14,
        15,
        16,
        17,
        18,
        19,
        20,
        21,
        22,
        25,
        31,
        33,
        34,
        35,
        36,
        37,
        38,
        42,
        43,
        44,
        45,
        46,
        48,
        49,
        50,
        51,
        53,
        54,
        55,
        56,
        60,
        61,
        62,
        63,
        64,
        75,
        77,
        78,
        79,
        80,
        81,
        82,
        83,
        84,
        85,
        88,
        90,
        91,
        92,
        93,
        94,
        96,
        97,
        99,
        100,
        101,
        104,
        105,
        106,
        107,
        108,
        109,
        120,
        124,
        125,
        126,
        127,
        129,
        133,
        137,
        142,
        143
      ],
      "summary": {
        "covered_lines": 79,
        "num_statements": 104,
        "percent_covered": 75.96153846153847,
        "percent_covered_display": "76",
        "missing_lines": 25,
        "excluded_lines": 0,
        "percent_statements_covered": 75.96153846153847,
        "percent_statements_covered_display": "76"
      },
      "missing_lines": [
        65,
        66,
        67,
        68,
        69,
        70,
        71,
        72,
        74,
        87,
        110,
        111,
        112,
        113,
        114,
        115,
        116,
        117,
        119,
        130,
        131,
        134,
        135,
        138,
        139
      ],
      "excluded_lines": [],
      "functions": {
        "advance_state": {
          "executed_lines": [
            31,
            33,
            34,
            35,
            36,
            37,
            38,
            42,
            43,
            44,
            45,
            46,
            48,
            49,
            50,
            51,
            53,
            54,
            55,
            56,
            60,
            61,
            62,
            63,
            64,
            75,
            77,
            78,
            79,
            80,
            81,
            82,
            83,
            84,
            85,
            88,
            90,
            91,
            92,
            93,
            94,
            96,
            97,
            99,
            100,
            101,
            104,
            105,
            106,
            107,
            108,
            109,
            120,
            124,
            125,
            126,
            127,
            129,
            133,
            137,
            142,
            143
          ],
          "summary": {
            "covered_lines": 62,
            "num_statements": 87,
            "percent_covered": 71.26436781609195,
            "percent_covered_display": "71",
            "missing_lines": 25,
            "excluded_lines": 0,
            "percent_statements_covered": 71.26436781609195,
            "percent_statements_covered_display": "71"
          },
          "missing_lines": [
            65,
            66,
            67,
            68,
            69,
            70,
            71,
            72,
            74,
            87,
            110,
            111,
            112,
            113,
            114,
            115,
            116,
            117,
            119,
            130,
            131,
            134,
            135,
            138,
            139
          ],
          "excluded_lines": []
        },
        "": {
          "executed_lines": [
            2,
            4,
            6,
            10,
            11,
            12,
            13,
            14,
            15,
            16,
            17,
            18,
            19,
            20,
            21,
            22,
            25
          ],
          "summary": {
            "covered_lines": 17,
            "num_statements": 17,
            "percent_covered": 100.0,
            "percent_covered_display": "100",
            "missing_lines": 0,
            "excluded_lines": 0,
            "percent_statements_covered": 100.0,
            "percent_statements_covered_display": "100"
          },
          "missing_lines": [],
          "excluded_lines": []
        }
      },
      "classes": {
        "": {
          "executed_lines": [
            2,
            4,
            6,
            10,
            11,
            12,
            13,
            14,
            15,
            16,
            17,
            18,
            19,
            20,
            21,
            22,
            25,
            31,
            33,
            34,
            35,
            36,
            37,
            38,
            42,
            43,
            44,
            45,
            46,
            48,
            49,
            50,
            51,
            53,
            54,
            55,
            56,
            60,
            61,
            62,
            63,
            64,
            75,
            77,
            78,
            79,
            80,
            81,
            82,
            83,
            84,
            85,
            88,
            90,
            91,
            92,
            93,
            94,
            96,
            97,
            99,
            100,
            101,
            104,
            105,
            106,
            107,
            108,
            109,
            120,
            124,
            125,
            126,
            127,
            129,
            133,
            137,
            142,
            143
          ],
          "summary": {
            "covered_lines": 79,
            "num_statements": 104,
            "percent_covered": 75.96153846153847,
            "percent_covered_display": "76",
            "missing_lines": 25,
            "excluded_lines": 0,
            "percent_statements_covered": 75.96153846153847,
            "percent_statements_covered_display": "76"
          },
          "missing_lines": [
            65,
            66,
            67,
            68,
            69,
            70,
            71,
            72,
            74,
            87,
            110,
            111,
            112,
            113,
            114,
            115,
            116,
            117,
            119,
            130,
            131,
            134,
            135,
            138,
            139
          ],
          "excluded_lines": []
        }
      }
    },
    "phase6_error_recovery\\modules\\error_engine\\src\\engine\\file_hash_cache.py": {
      "executed_lines": [
        1,
        6,
        8,
        9,
        10,
        11,
        13,
        14,
        17,
        18,
        20,
        21,
        22,
        24,
        26,
        27,
        28,
        29,
        31,
        32,
        34,
        36,
        44,
        46,
        47,
        48,
        52,
        53,
        55,
        59,
        60,
        62,
        64,
        65,
        66,
        69,
        70,
        74,
        75,
        76
      ],
      "summary": {
        "covered_lines": 38,
        "num_statements": 47,
        "percent_covered": 80.85106382978724,
        "percent_covered_display": "81",
        "missing_lines": 9,
        "excluded_lines": 0,
        "percent_statements_covered": 80.85106382978724,
        "percent_statements_covered_display": "81"
      },
      "missing_lines": [
        38,
        39,
        40,
        41,
        42,
        49,
        51,
        67,
        68
      ],
      "excluded_lines": [],
      "functions": {
        "FileHashCache.__init__": {
          "executed_lines": [
            21,
            22
          ],
          "summary": {
            "covered_lines": 2,
            "num_statements": 2,
            "percent_covered": 100.0,
            "percent_covered_display": "100",
            "missing_lines": 0,
            "excluded_lines": 0,
            "percent_statements_covered": 100.0,
            "percent_statements_covered_display": "100"
          },
          "missing_lines": [],
          "excluded_lines": []
        },
        "FileHashCache.load": {
          "executed_lines": [
            26,
            27,
            28,
            29,
            31,
            32,
            34
          ],
          "summary": {
            "covered_lines": 7,
            "num_statements": 7,
            "percent_covered": 100.0,
            "percent_covered_display": "100",
            "missing_lines": 0,
            "excluded_lines": 0,
            "percent_statements_covered": 100.0,
            "percent_statements_covered_display": "100"
          },
          "missing_lines": [],
          "excluded_lines": []
        },
        "FileHashCache.save": {
          "executed_lines": [],
          "summary": {
            "covered_lines": 0,
            "num_statements": 5,
            "percent_covered": 0.0,
            "percent_covered_display": "0",
            "missing_lines": 5,
            "excluded_lines": 0,
            "percent_statements_covered": 0.0,
            "percent_statements_covered_display": "0"
          },
          "missing_lines": [
            38,
            39,
            40,
            41,
            42
          ],
          "excluded_lines": []
        },
        "FileHashCache.has_changed": {
          "executed_lines": [
            46,
            47,
            48,
            52,
            53,
            55,
            59,
            60
          ],
          "summary": {
            "covered_lines": 8,
            "num_statements": 10,
            "percent_covered": 80.0,
            "percent_covered_display": "80",
            "missing_lines": 2,
            "excluded_lines": 0,
            "percent_statements_covered": 80.0,
            "percent_statements_covered_display": "80"
          },
          "missing_lines": [
            49,
            51
          ],
          "excluded_lines": []
        },
        "FileHashCache.mark_validated": {
          "executed_lines": [
            64,
            65,
            66,
            69,
            70,
            74,
            75,
            76
          ],
          "summary": {
            "covered_lines": 8,
            "num_statements": 10,
            "percent_covered": 80.0,
            "percent_covered_display": "80",
            "missing_lines": 2,
            "excluded_lines": 0,
            "percent_statements_covered": 80.0,
            "percent_statements_covered_display": "80"
          },
          "missing_lines": [
            67,
            68
          ],
          "excluded_lines": []
        },
        "": {
          "executed_lines": [
            1,
            6,
            8,
            9,
            10,
            11,
            13,
            14,
            17,
            18,
            20,
            24,
            36,
            44,
            62
          ],
          "summary": {
            "covered_lines": 13,
            "num_statements": 13,
            "percent_covered": 100.0,
            "percent_covered_display": "100",
            "missing_lines": 0,
            "excluded_lines": 0,
            "percent_statements_covered": 100.0,
            "percent_statements_covered_display": "100"
          },
          "missing_lines": [],
          "excluded_lines": []
        }
      },
      "classes": {
        "FileHashCache": {
          "executed_lines": [
            21,
            22,
            26,
            27,
            28,
            29,
            31,
            32,
            34,
            46,
            47,
            48,
            52,
            53,
            55,
            59,
            60,
            64,
            65,
            66,
            69,
            70,
            74,
            75,
            76
          ],
          "summary": {
            "covered_lines": 25,
            "num_statements": 34,
            "percent_covered": 73.52941176470588,
            "percent_covered_display": "74",
            "missing_lines": 9,
            "excluded_lines": 0,
            "percent_statements_covered": 73.52941176470588,
            "percent_statements_covered_display": "74"
          },
          "missing_lines": [
            38,
            39,
            40,
            41,
            42,
            49,
            51,
            67,
            68
          ],
          "excluded_lines": []
        },
        "": {
          "executed_lines": [
            1,
            6,
            8,
            9,
            10,
            11,
            13,
            14,
            17,
            18,
            20,
            24,
            36,
            44,
            62
          ],
          "summary": {
            "covered_lines": 13,
            "num_statements": 13,
            "percent_covered": 100.0,
            "percent_covered_display": "100",
            "missing_lines": 0,
            "excluded_lines": 0,
            "percent_statements_covered": 100.0,
            "percent_statements_covered_display": "100"
          },
          "missing_lines": [],
          "excluded_lines": []
        }
      }
    },
    "phase6_error_recovery\\modules\\error_engine\\src\\engine\\pipeline_engine.py": {
      "executed_lines": [
        1,
        6,
        8,
        9,
        10,
        11,
        12,
        14,
        15,
        16,
        24,
        25,
        56,
        57,
        59,
        64,
        65,
        67,
        69,
        70,
        71,
        72,
        74,
        76,
        77,
        80,
        81,
        82,
        95,
        96,
        98,
        99,
        100,
        101,
        104,
        105,
        108,
        109,
        110,
        113,
        114,
        116,
        117,
        120,
        133,
        134,
        135,
        137,
        139,
        141,
        142,
        143,
        145,
        152,
        153,
        154,
        155,
        157,
        159,
        160,
        161,
        162,
        163,
        164,
        165,
        166,
        167,
        169,
        176
      ],
      "summary": {
        "covered_lines": 67,
        "num_statements": 67,
        "percent_covered": 100.0,
        "percent_covered_display": "100",
        "missing_lines": 0,
        "excluded_lines": 0,
        "percent_statements_covered": 100.0,
        "percent_statements_covered_display": "100"
      },
      "missing_lines": [],
      "excluded_lines": [],
      "functions": {
        "_report_to_dict": {
          "executed_lines": [
            25
          ],
          "summary": {
            "covered_lines": 1,
            "num_statements": 1,
            "percent_covered": 100.0,
            "percent_covered_display": "100",
            "missing_lines": 0,
            "excluded_lines": 0,
            "percent_statements_covered": 100.0,
            "percent_statements_covered_display": "100"
          },
          "missing_lines": [],
          "excluded_lines": []
        },
        "PipelineEngine.__init__": {
          "executed_lines": [
            64,
            65
          ],
          "summary": {
            "covered_lines": 2,
            "num_statements": 2,
            "percent_covered": 100.0,
            "percent_covered_display": "100",
            "missing_lines": 0,
            "excluded_lines": 0,
            "percent_statements_covered": 100.0,
            "percent_statements_covered_display": "100"
          },
          "missing_lines": [],
          "excluded_lines": []
        },
        "PipelineEngine.process_files": {
          "executed_lines": [
            69,
            70,
            71,
            72
          ],
          "summary": {
            "covered_lines": 4,
            "num_statements": 4,
            "percent_covered": 100.0,
            "percent_covered_display": "100",
            "missing_lines": 0,
            "excluded_lines": 0,
            "percent_statements_covered": 100.0,
            "percent_statements_covered_display": "100"
          },
          "missing_lines": [],
          "excluded_lines": []
        },
        "PipelineEngine.process_file": {
          "executed_lines": [
            76,
            77,
            80,
            81,
            82,
            95,
            96,
            98,
            99,
            100,
            101,
            104,
            105,
            108,
            109,
            110,
            113,
            114,
            116,
            117,
            120,
            133,
            134,
            135,
            137
          ],
          "summary": {
            "covered_lines": 25,
            "num_statements": 25,
            "percent_covered": 100.0,
            "percent_covered_display": "100",
            "missing_lines": 0,
            "excluded_lines": 0,
            "percent_statements_covered": 100.0,
            "percent_statements_covered_display": "100"
          },
          "missing_lines": [],
          "excluded_lines": []
        },
        "PipelineEngine._run_plugins": {
          "executed_lines": [
            141,
            142,
            143
          ],
          "summary": {
            "covered_lines": 3,
            "num_statements": 3,
            "percent_covered": 100.0,
            "percent_covered_display": "100",
            "missing_lines": 0,
            "excluded_lines": 0,
            "percent_statements_covered": 100.0,
            "percent_statements_covered_display": "100"
          },
          "missing_lines": [],
          "excluded_lines": []
        },
        "PipelineEngine._generate_report": {
          "executed_lines": [
            152,
            153,
            154,
            155,
            157,
            159,
            160,
            161,
            162,
            163,
            164,
            165,
            166,
            167,
            169,
            176
          ],
          "summary": {
            "covered_lines": 16,
            "num_statements": 16,
            "percent_covered": 100.0,
            "percent_covered_display": "100",
            "missing_lines": 0,
            "excluded_lines": 0,
            "percent_statements_covered": 100.0,
            "percent_statements_covered_display": "100"
          },
          "missing_lines": [],
          "excluded_lines": []
        },
        "": {
          "executed_lines": [
            1,
            6,
            8,
            9,
            10,
            11,
            12,
            14,
            15,
            16,
            24,
            56,
            57,
            59,
            67,
            74,
            139,
            145
          ],
          "summary": {
            "covered_lines": 16,
            "num_statements": 16,
            "percent_covered": 100.0,
            "percent_covered_display": "100",
            "missing_lines": 0,
            "excluded_lines": 0,
            "percent_statements_covered": 100.0,
            "percent_statements_covered_display": "100"
          },
          "missing_lines": [],
          "excluded_lines": []
        }
      },
      "classes": {
        "PipelineEngine": {
          "executed_lines": [
            64,
            65,
            69,
            70,
            71,
            72,
            76,
            77,
            80,
            81,
            82,
            95,
            96,
            98,
            99,
            100,
            101,
            104,
            105,
            108,
            109,
            110,
            113,
            114,
            116,
            117,
            120,
            133,
            134,
            135,
            137,
            141,
            142,
            143,
            152,
            153,
            154,
            155,
            157,
            159,
            160,
            161,
            162,
            163,
            164,
            165,
            166,
            167,
            169,
            176
          ],
          "summary": {
            "covered_lines": 50,
            "num_statements": 50,
            "percent_covered": 100.0,
            "percent_covered_display": "100",
            "missing_lines": 0,
            "excluded_lines": 0,
            "percent_statements_covered": 100.0,
            "percent_statements_covered_display": "100"
          },
          "missing_lines": [],
          "excluded_lines": []
        },
        "": {
          "executed_lines": [
            1,
            6,
            8,
            9,
            10,
            11,
            12,
            14,
            15,
            16,
            24,
            25,
            56,
            57,
            59,
            67,
            74,
            139,
            145
          ],
          "summary": {
            "covered_lines": 17,
            "num_statements": 17,
            "percent_covered": 100.0,
            "percent_covered_display": "100",
            "missing_lines": 0,
            "excluded_lines": 0,
            "percent_statements_covered": 100.0,
            "percent_statements_covered_display": "100"
          },
          "missing_lines": [],
          "excluded_lines": []
        }
      }
    },
    "phase6_error_recovery\\modules\\error_engine\\src\\engine\\plugin_manager.py": {
      "executed_lines": [
        1,
        7,
        9,
        10,
        11,
        12,
        13,
        15,
        18,
        19,
        21,
        23,
        24,
        25,
        26,
        27,
        29,
        31,
        32,
        34,
        35,
        37,
        38,
        39,
        41,
        42,
        43,
        44,
        49,
        51,
        52,
        53,
        54,
        55,
        56,
        59,
        60,
        61,
        62,
        63,
        64,
        65,
        66,
        68,
        71,
        72,
        74,
        76,
        77,
        78,
        79,
        80,
        81,
        83,
        84,
        85,
        87,
        88,
        89,
        90,
        91,
        93,
        95,
        96,
        97,
        98,
        99,
        100,
        108,
        109,
        112,
        113,
        115,
        116,
        117,
        119,
        122
      ],
      "summary": {
        "covered_lines": 72,
        "num_statements": 79,
        "percent_covered": 91.13924050632912,
        "percent_covered_display": "91",
        "missing_lines": 7,
        "excluded_lines": 5,
        "percent_statements_covered": 91.13924050632912,
        "percent_statements_covered_display": "91"
      },
      "missing_lines": [
        33,
        36,
        40,
        45,
        47,
        82,
        86
      ],
      "excluded_lines": [
        119,
        120,
        122,
        123,
        124
      ],
      "functions": {
        "PluginManager.__init__": {
          "executed_lines": [
            23,
            24,
            25,
            26,
            27
          ],
          "summary": {
            "covered_lines": 5,
            "num_statements": 5,
            "percent_covered": 100.0,
            "percent_covered_display": "100",
            "missing_lines": 0,
            "excluded_lines": 0,
            "percent_statements_covered": 100.0,
            "percent_statements_covered_display": "100"
          },
          "missing_lines": [],
          "excluded_lines": []
        },
        "PluginManager.discover": {
          "executed_lines": [
            31,
            32,
            34,
            35,
            37,
            38,
            39,
            41,
            42,
            43,
            44
          ],
          "summary": {
            "covered_lines": 11,
            "num_statements": 16,
            "percent_covered": 68.75,
            "percent_covered_display": "69",
            "missing_lines": 5,
            "excluded_lines": 0,
            "percent_statements_covered": 68.75,
            "percent_statements_covered_display": "69"
          },
          "missing_lines": [
            33,
            36,
            40,
            45,
            47
          ],
          "excluded_lines": []
        },
        "PluginManager.get_plugins_for_file": {
          "executed_lines": [
            51,
            52,
            53,
            54,
            55,
            56,
            59,
            60,
            61,
            62,
            63,
            64,
            65,
            66,
            68,
            71,
            72
          ],
          "summary": {
            "covered_lines": 17,
            "num_statements": 17,
            "percent_covered": 100.0,
            "percent_covered_display": "100",
            "missing_lines": 0,
            "excluded_lines": 0,
            "percent_statements_covered": 100.0,
            "percent_statements_covered_display": "100"
          },
          "missing_lines": [],
          "excluded_lines": []
        },
        "PluginManager._load_plugin": {
          "executed_lines": [
            76,
            77,
            78,
            79,
            80,
            81,
            83,
            84,
            85,
            87,
            88,
            89,
            90,
            91
          ],
          "summary": {
            "covered_lines": 14,
            "num_statements": 16,
            "percent_covered": 87.5,
            "percent_covered_display": "88",
            "missing_lines": 2,
            "excluded_lines": 0,
            "percent_statements_covered": 87.5,
            "percent_statements_covered_display": "88"
          },
          "missing_lines": [
            82,
            86
          ],
          "excluded_lines": []
        },
        "PluginManager.run_plugins": {
          "executed_lines": [
            95,
            96,
            97,
            98,
            99,
            100,
            108,
            109
          ],
          "summary": {
            "covered_lines": 8,
            "num_statements": 8,
            "percent_covered": 100.0,
            "percent_covered_display": "100",
            "missing_lines": 0,
            "excluded_lines": 0,
            "percent_statements_covered": 100.0,
            "percent_statements_covered_display": "100"
          },
          "missing_lines": [],
          "excluded_lines": []
        },
        "BasePlugin.build_command": {
          "executed_lines": [],
          "summary": {
            "covered_lines": 0,
            "num_statements": 0,
            "percent_covered": 100.0,
            "percent_covered_display": "100",
            "missing_lines": 0,
            "excluded_lines": 1,
            "percent_statements_covered": 100.0,
            "percent_statements_covered_display": "100"
          },
          "missing_lines": [],
          "excluded_lines": [
            120
          ]
        },
        "BasePlugin.check_tool_available": {
          "executed_lines": [],
          "summary": {
            "covered_lines": 0,
            "num_statements": 0,
            "percent_covered": 100.0,
            "percent_covered_display": "100",
            "missing_lines": 0,
            "excluded_lines": 1,
            "percent_statements_covered": 100.0,
            "percent_statements_covered_display": "100"
          },
          "missing_lines": [],
          "excluded_lines": [
            124
          ]
        },
        "": {
          "executed_lines": [
            1,
            7,
            9,
            10,
            11,
            12,
            13,
            15,
            18,
            19,
            21,
            29,
            49,
            74,
            93,
            112,
            113,
            115,
            116,
            117,
            119,
            122
          ],
          "summary": {
            "covered_lines": 17,
            "num_statements": 17,
            "percent_covered": 100.0,
            "percent_covered_display": "100",
            "missing_lines": 0,
            "excluded_lines": 3,
            "percent_statements_covered": 100.0,
            "percent_statements_covered_display": "100"
          },
          "missing_lines": [],
          "excluded_lines": [
            119,
            122,
            123
          ]
        }
      },
      "classes": {
        "PluginManager": {
          "executed_lines": [
            23,
            24,
            25,
            26,
            27,
            31,
            32,
            34,
            35,
            37,
            38,
            39,
            41,
            42,
            43,
            44,
            51,
            52,
            53,
            54,
            55,
            56,
            59,
            60,
            61,
            62,
            63,
            64,
            65,
            66,
            68,
            71,
            72,
            76,
            77,
            78,
            79,
            80,
            81,
            83,
            84,
            85,
            87,
            88,
            89,
            90,
            91,
            95,
            96,
            97,
            98,
            99,
            100,
            108,
            109
          ],
          "summary": {
            "covered_lines": 55,
            "num_statements": 62,
            "percent_covered": 88.70967741935483,
            "percent_covered_display": "89",
            "missing_lines": 7,
            "excluded_lines": 0,
            "percent_statements_covered": 88.70967741935483,
            "percent_statements_covered_display": "89"
          },
          "missing_lines": [
            33,
            36,
            40,
            45,
            47,
            82,
            86
          ],
          "excluded_lines": []
        },
        "BasePlugin": {
          "executed_lines": [],
          "summary": {
            "covered_lines": 0,
            "num_statements": 0,
            "percent_covered": 100.0,
            "percent_covered_display": "100",
            "missing_lines": 0,
            "excluded_lines": 2,
            "percent_statements_covered": 100.0,
            "percent_statements_covered_display": "100"
          },
          "missing_lines": [],
          "excluded_lines": [
            120,
            124
          ]
        },
        "": {
          "executed_lines": [
            1,
            7,
            9,
            10,
            11,
            12,
            13,
            15,
            18,
            19,
            21,
            29,
            49,
            74,
            93,
            112,
            113,
            115,
            116,
            117,
            119,
            122
          ],
          "summary": {
            "covered_lines": 17,
            "num_statements": 17,
            "percent_covered": 100.0,
            "percent_covered_display": "100",
            "missing_lines": 0,
            "excluded_lines": 3,
            "percent_statements_covered": 100.0,
            "percent_statements_covered_display": "100"
          },
          "missing_lines": [],
          "excluded_lines": [
            119,
            122,
            123
          ]
        }
      }
    },
    "phase6_error_recovery\\modules\\error_engine\\src\\shared\\utils\\env.py": {
      "executed_lines": [
        2,
        4,
        5,
        8,
        11,
        12,
        14,
        15,
        17,
        18,
        19,
        20,
        21
      ],
      "summary": {
        "covered_lines": 13,
        "num_statements": 13,
        "percent_covered": 100.0,
        "percent_covered_display": "100",
        "missing_lines": 0,
        "excluded_lines": 0,
        "percent_statements_covered": 100.0,
        "percent_statements_covered_display": "100"
      },
      "missing_lines": [],
      "excluded_lines": [],
      "functions": {
        "scrub_env": {
          "executed_lines": [
            12,
            14,
            15,
            17,
            18,
            19,
            20,
            21
          ],
          "summary": {
            "covered_lines": 8,
            "num_statements": 8,
            "percent_covered": 100.0,
            "percent_covered_display": "100",
            "missing_lines": 0,
            "excluded_lines": 0,
            "percent_statements_covered": 100.0,
            "percent_statements_covered_display": "100"
          },
          "missing_lines": [],
          "excluded_lines": []
        },
        "": {
          "executed_lines": [
            2,
            4,
            5,
            8,
            11
          ],
          "summary": {
            "covered_lines": 5,
            "num_statements": 5,
            "percent_covered": 100.0,
            "percent_covered_display": "100",
            "missing_lines": 0,
            "excluded_lines": 0,
            "percent_statements_covered": 100.0,
            "percent_statements_covered_display": "100"
          },
          "missing_lines": [],
          "excluded_lines": []
        }
      },
      "classes": {
        "": {
          "executed_lines": [
            2,
            4,
            5,
            8,
            11,
            12,
            14,
            15,
            17,
            18,
            19,
            20,
            21
          ],
          "summary": {
            "covered_lines": 13,
            "num_statements": 13,
            "percent_covered": 100.0,
            "percent_covered_display": "100",
            "missing_lines": 0,
            "excluded_lines": 0,
            "percent_statements_covered": 100.0,
            "percent_statements_covered_display": "100"
          },
          "missing_lines": [],
          "excluded_lines": []
        }
      }
    },
    "phase6_error_recovery\\modules\\error_engine\\src\\shared\\utils\\hashing.py": {
      "executed_lines": [
        2,
        4,
        5,
        8,
        9,
        10,
        11,
        12,
        13
      ],
      "summary": {
        "covered_lines": 9,
        "num_statements": 9,
        "percent_covered": 100.0,
        "percent_covered_display": "100",
        "missing_lines": 0,
        "excluded_lines": 0,
        "percent_statements_covered": 100.0,
        "percent_statements_covered_display": "100"
      },
      "missing_lines": [],
      "excluded_lines": [],
      "functions": {
        "sha256_file": {
          "executed_lines": [
            9,
            10,
            11,
            12,
            13
          ],
          "summary": {
            "covered_lines": 5,
            "num_statements": 5,
            "percent_covered": 100.0,
            "percent_covered_display": "100",
            "missing_lines": 0,
            "excluded_lines": 0,
            "percent_statements_covered": 100.0,
            "percent_statements_covered_display": "100"
          },
          "missing_lines": [],
          "excluded_lines": []
        },
        "": {
          "executed_lines": [
            2,
            4,
            5,
            8
          ],
          "summary": {
            "covered_lines": 4,
            "num_statements": 4,
            "percent_covered": 100.0,
            "percent_covered_display": "100",
            "missing_lines": 0,
            "excluded_lines": 0,
            "percent_statements_covered": 100.0,
            "percent_statements_covered_display": "100"
          },
          "missing_lines": [],
          "excluded_lines": []
        }
      },
      "classes": {
        "": {
          "executed_lines": [
            2,
            4,
            5,
            8,
            9,
            10,
            11,
            12,
            13
          ],
          "summary": {
            "covered_lines": 9,
            "num_statements": 9,
            "percent_covered": 100.0,
            "percent_covered_display": "100",
            "missing_lines": 0,
            "excluded_lines": 0,
            "percent_statements_covered": 100.0,
            "percent_statements_covered_display": "100"
          },
          "missing_lines": [],
          "excluded_lines": []
        }
      }
    },
    "phase6_error_recovery\\modules\\error_engine\\src\\shared\\utils\\jsonl_manager.py": {
      "executed_lines": [
        2,
        4,
        5,
        6,
        7,
        8,
        11,
        12,
        13,
        14,
        15,
        16,
        19,
        20,
        21,
        22,
        23,
        24,
        25,
        29,
        30,
        31,
        32,
        33,
        34,
        35,
        36,
        37,
        38,
        39,
        40,
        42,
        44,
        45,
        47,
        48,
        49,
        53,
        54,
        55,
        56,
        57,
        58,
        59,
        60,
        61,
        62,
        66,
        67,
        68,
        69
      ],
      "summary": {
        "covered_lines": 51,
        "num_statements": 52,
        "percent_covered": 98.07692307692308,
        "percent_covered_display": "98",
        "missing_lines": 1,
        "excluded_lines": 0,
        "percent_statements_covered": 98.07692307692308,
        "percent_statements_covered_display": "98"
      },
      "missing_lines": [
        64
      ],
      "excluded_lines": [],
      "functions": {
        "append": {
          "executed_lines": [
            12,
            13,
            14,
            15,
            16
          ],
          "summary": {
            "covered_lines": 5,
            "num_statements": 5,
            "percent_covered": 100.0,
            "percent_covered_display": "100",
            "missing_lines": 0,
            "excluded_lines": 0,
            "percent_statements_covered": 100.0,
            "percent_statements_covered_display": "100"
          },
          "missing_lines": [],
          "excluded_lines": []
        },
        "rotate_if_needed": {
          "executed_lines": [
            20,
            21,
            22,
            23,
            24,
            25,
            29,
            30,
            31,
            32,
            33,
            34,
            35,
            36,
            37,
            38,
            39,
            40,
            42,
            44,
            45,
            47,
            48,
            49,
            53,
            54,
            55,
            56,
            57,
            58,
            59,
            60,
            61,
            62,
            66,
            67,
            68,
            69
          ],
          "summary": {
            "covered_lines": 38,
            "num_statements": 39,
            "percent_covered": 97.43589743589743,
            "percent_covered_display": "97",
            "missing_lines": 1,
            "excluded_lines": 0,
            "percent_statements_covered": 97.43589743589743,
            "percent_statements_covered_display": "97"
          },
          "missing_lines": [
            64
          ],
          "excluded_lines": []
        },
        "": {
          "executed_lines": [
            2,
            4,
            5,
            6,
            7,
            8,
            11,
            19
          ],
          "summary": {
            "covered_lines": 8,
            "num_statements": 8,
            "percent_covered": 100.0,
            "percent_covered_display": "100",
            "missing_lines": 0,
            "excluded_lines": 0,
            "percent_statements_covered": 100.0,
            "percent_statements_covered_display": "100"
          },
          "missing_lines": [],
          "excluded_lines": []
        }
      },
      "classes": {
        "": {
          "executed_lines": [
            2,
            4,
            5,
            6,
            7,
            8,
            11,
            12,
            13,
            14,
            15,
            16,
            19,
            20,
            21,
            22,
            23,
            24,
            25,
            29,
            30,
            31,
            32,
            33,
            34,
            35,
            36,
            37,
            38,
            39,
            40,
            42,
            44,
            45,
            47,
            48,
            49,
            53,
            54,
            55,
            56,
            57,
            58,
            59,
            60,
            61,
            62,
            66,
            67,
            68,
            69
          ],
          "summary": {
            "covered_lines": 51,
            "num_statements": 52,
            "percent_covered": 98.07692307692308,
            "percent_covered_display": "98",
            "missing_lines": 1,
            "excluded_lines": 0,
            "percent_statements_covered": 98.07692307692308,
            "percent_statements_covered_display": "98"
          },
          "missing_lines": [
            64
          ],
          "excluded_lines": []
        }
      }
    },
    "phase6_error_recovery\\modules\\error_engine\\src\\shared\\utils\\time.py": {
      "executed_lines": [
        2,
        4,
        5,
        7,
        8,
        13,
        14,
        17,
        18,
        19,
        20,
        21,
        22,
        24
      ],
      "summary": {
        "covered_lines": 14,
        "num_statements": 14,
        "percent_covered": 100.0,
        "percent_covered_display": "100",
        "missing_lines": 0,
        "excluded_lines": 2,
        "percent_statements_covered": 100.0,
        "percent_statements_covered_display": "100"
      },
      "missing_lines": [],
      "excluded_lines": [
        9,
        10
      ],
      "functions": {
        "utc_now_iso": {
          "executed_lines": [
            14
          ],
          "summary": {
            "covered_lines": 1,
            "num_statements": 1,
            "percent_covered": 100.0,
            "percent_covered_display": "100",
            "missing_lines": 0,
            "excluded_lines": 0,
            "percent_statements_covered": 100.0,
            "percent_statements_covered_display": "100"
          },
          "missing_lines": [],
          "excluded_lines": []
        },
        "new_run_id": {
          "executed_lines": [
            18,
            19,
            20,
            21,
            22,
            24
          ],
          "summary": {
            "covered_lines": 6,
            "num_statements": 6,
            "percent_covered": 100.0,
            "percent_covered_display": "100",
            "missing_lines": 0,
            "excluded_lines": 0,
            "percent_statements_covered": 100.0,
            "percent_statements_covered_display": "100"
          },
          "missing_lines": [],
          "excluded_lines": []
        },
        "": {
          "executed_lines": [
            2,
            4,
            5,
            7,
            8,
            13,
            17
          ],
          "summary": {
            "covered_lines": 7,
            "num_statements": 7,
            "percent_covered": 100.0,
            "percent_covered_display": "100",
            "missing_lines": 0,
            "excluded_lines": 2,
            "percent_statements_covered": 100.0,
            "percent_statements_covered_display": "100"
          },
          "missing_lines": [],
          "excluded_lines": [
            9,
            10
          ]
        }
      },
      "classes": {
        "": {
          "executed_lines": [
            2,
            4,
            5,
            7,
            8,
            13,
            14,
            17,
            18,
            19,
            20,
            21,
            22,
            24
          ],
          "summary": {
            "covered_lines": 14,
            "num_statements": 14,
            "percent_covered": 100.0,
            "percent_covered_display": "100",
            "missing_lines": 0,
            "excluded_lines": 2,
            "percent_statements_covered": 100.0,
            "percent_statements_covered_display": "100"
          },
          "missing_lines": [],
          "excluded_lines": [
            9,
            10
          ]
        }
      }
    },
    "phase6_error_recovery\\modules\\error_engine\\src\\shared\\utils\\types.py": {
      "executed_lines": [
        2,
        4,
        5,
        6,
        9,
        10,
        11,
        12,
        13,
        14,
        15,
        16,
        17,
        18,
        21,
        22,
        23,
        24,
        25,
        26,
        27,
        28,
        29,
        30,
        33,
        34,
        35,
        36,
        37,
        38,
        41,
        42,
        43,
        44,
        45,
        46,
        47,
        48,
        49,
        50,
        53,
        54,
        55,
        56,
        57,
        58,
        59,
        60,
        61,
        62
      ],
      "summary": {
        "covered_lines": 50,
        "num_statements": 50,
        "percent_covered": 100.0,
        "percent_covered_display": "100",
        "missing_lines": 0,
        "excluded_lines": 0,
        "percent_statements_covered": 100.0,
        "percent_statements_covered_display": "100"
      },
      "missing_lines": [],
      "excluded_lines": [],
      "functions": {
        "": {
          "executed_lines": [
            2,
            4,
            5,
            6,
            9,
            10,
            11,
            12,
            13,
            14,
            15,
            16,
            17,
            18,
            21,
            22,
            23,
            24,
            25,
            26,
            27,
            28,
            29,
            30,
            33,
            34,
            35,
            36,
            37,
            38,
            41,
            42,
            43,
            44,
            45,
            46,
            47,
            48,
            49,
            50,
            53,
            54,
            55,
            56,
            57,
            58,
            59,
            60,
            61,
            62
          ],
          "summary": {
            "covered_lines": 50,
            "num_statements": 50,
            "percent_covered": 100.0,
            "percent_covered_display": "100",
            "missing_lines": 0,
            "excluded_lines": 0,
            "percent_statements_covered": 100.0,
            "percent_statements_covered_display": "100"
          },
          "missing_lines": [],
          "excluded_lines": []
        }
      },
      "classes": {
        "PluginIssue": {
          "executed_lines": [],
          "summary": {
            "covered_lines": 0,
            "num_statements": 0,
            "percent_covered": 100.0,
            "percent_covered_display": "100",
            "missing_lines": 0,
            "excluded_lines": 0,
            "percent_statements_covered": 100.0,
            "percent_statements_covered_display": "100"
          },
          "missing_lines": [],
          "excluded_lines": []
        },
        "PluginResult": {
          "executed_lines": [],
          "summary": {
            "covered_lines": 0,
            "num_statements": 0,
            "percent_covered": 100.0,
            "percent_covered_display": "100",
            "missing_lines": 0,
            "excluded_lines": 0,
            "percent_statements_covered": 100.0,
            "percent_statements_covered_display": "100"
          },
          "missing_lines": [],
          "excluded_lines": []
        },
        "PluginManifest": {
          "executed_lines": [],
          "summary": {
            "covered_lines": 0,
            "num_statements": 0,
            "percent_covered": 100.0,
            "percent_covered_display": "100",
            "missing_lines": 0,
            "excluded_lines": 0,
            "percent_statements_covered": 100.0,
            "percent_statements_covered_display": "100"
          },
          "missing_lines": [],
          "excluded_lines": []
        },
        "PipelineSummary": {
          "executed_lines": [],
          "summary": {
            "covered_lines": 0,
            "num_statements": 0,
            "percent_covered": 100.0,
            "percent_covered_display": "100",
            "missing_lines": 0,
            "excluded_lines": 0,
            "percent_statements_covered": 100.0,
            "percent_statements_covered_display": "100"
          },
          "missing_lines": [],
          "excluded_lines": []
        },
        "PipelineReport": {
          "executed_lines": [],
          "summary": {
            "covered_lines": 0,
            "num_statements": 0,
            "percent_covered": 100.0,
            "percent_covered_display": "100",
            "missing_lines": 0,
            "excluded_lines": 0,
            "percent_statements_covered": 100.0,
            "percent_statements_covered_display": "100"
          },
          "missing_lines": [],
          "excluded_lines": []
        },
        "": {
          "executed_lines": [
            2,
            4,
            5,
            6,
            9,
            10,
            11,
            12,
            13,
            14,
            15,
            16,
            17,
            18,
            21,
            22,
            23,
            24,
            25,
            26,
            27,
            28,
            29,
            30,
            33,
            34,
            35,
            36,
            37,
            38,
            41,
            42,
            43,
            44,
            45,
            46,
            47,
            48,
            49,
            50,
            53,
            54,
            55,
            56,
            57,
            58,
            59,
            60,
            61,
            62
          ],
          "summary": {
            "covered_lines": 50,
            "num_statements": 50,
            "percent_covered": 100.0,
            "percent_covered_display": "100",
            "missing_lines": 0,
            "excluded_lines": 0,
            "percent_statements_covered": 100.0,
            "percent_statements_covered_display": "100"
          },
          "missing_lines": [],
          "excluded_lines": []
        }
      }
    },
    "phase6_error_recovery\\modules\\plugins\\path_standardizer\\src\\path_standardizer\\plugin.py": {
      "executed_lines": [
        2,
        4,
        5,
        6,
        7,
        8,
        9,
        11,
        15,
        16,
        18,
        19,
        21,
        23,
        25,
        31,
        33,
        35,
        37,
        43,
        44,
        48,
        49,
        50,
        51,
        53,
        58,
        61,
        63,
        64,
        65,
        66,
        69,
        74,
        75,
        76,
        77,
        78,
        79,
        81,
        82,
        83,
        90,
        91,
        92,
        93,
        100,
        102,
        109,
        111
      ],
      "summary": {
        "covered_lines": 49,
        "num_statements": 53,
        "percent_covered": 92.45283018867924,
        "percent_covered_display": "92",
        "missing_lines": 4,
        "excluded_lines": 0,
        "percent_statements_covered": 92.45283018867924,
        "percent_statements_covered_display": "92"
      },
      "missing_lines": [
        112,
        113,
        115,
        116
      ],
      "excluded_lines": [],
      "functions": {
        "validate_paths": {
          "executed_lines": [
            15,
            16,
            18,
            19,
            21,
            23,
            25,
            31,
            33,
            35,
            37,
            43,
            44,
            48,
            49,
            50,
            51,
            53
          ],
          "summary": {
            "covered_lines": 18,
            "num_statements": 18,
            "percent_covered": 100.0,
            "percent_covered_display": "100",
            "missing_lines": 0,
            "excluded_lines": 0,
            "percent_statements_covered": 100.0,
            "percent_statements_covered_display": "100"
          },
          "missing_lines": [],
          "excluded_lines": []
        },
        "normalize_path": {
          "executed_lines": [
            61,
            63,
            64,
            65,
            66
          ],
          "summary": {
            "covered_lines": 5,
            "num_statements": 5,
            "percent_covered": 100.0,
            "percent_covered_display": "100",
            "missing_lines": 0,
            "excluded_lines": 0,
            "percent_statements_covered": 100.0,
            "percent_statements_covered_display": "100"
          },
          "missing_lines": [],
          "excluded_lines": []
        },
        "parse_violations": {
          "executed_lines": [
            74,
            75,
            76,
            77,
            78,
            79,
            81,
            82,
            83,
            90,
            91,
            92,
            93,
            100,
            102,
            109
          ],
          "summary": {
            "covered_lines": 16,
            "num_statements": 16,
            "percent_covered": 100.0,
            "percent_covered_display": "100",
            "missing_lines": 0,
            "excluded_lines": 0,
            "percent_statements_covered": 100.0,
            "percent_statements_covered_display": "100"
          },
          "missing_lines": [],
          "excluded_lines": []
        },
        "": {
          "executed_lines": [
            2,
            4,
            5,
            6,
            7,
            8,
            9,
            11,
            58,
            69,
            111
          ],
          "summary": {
            "covered_lines": 10,
            "num_statements": 14,
            "percent_covered": 71.42857142857143,
            "percent_covered_display": "71",
            "missing_lines": 4,
            "excluded_lines": 0,
            "percent_statements_covered": 71.42857142857143,
            "percent_statements_covered_display": "71"
          },
          "missing_lines": [
            112,
            113,
            115,
            116
          ],
          "excluded_lines": []
        }
      },
      "classes": {
        "": {
          "executed_lines": [
            2,
            4,
            5,
            6,
            7,
            8,
            9,
            11,
            15,
            16,
            18,
            19,
            21,
            23,
            25,
            31,
            33,
            35,
            37,
            43,
            44,
            48,
            49,
            50,
            51,
            53,
            58,
            61,
            63,
            64,
            65,
            66,
            69,
            74,
            75,
            76,
            77,
            78,
            79,
            81,
            82,
            83,
            90,
            91,
            92,
            93,
            100,
            102,
            109,
            111
          ],
          "summary": {
            "covered_lines": 49,
            "num_statements": 53,
            "percent_covered": 92.45283018867924,
            "percent_covered_display": "92",
            "missing_lines": 4,
            "excluded_lines": 0,
            "percent_statements_covered": 92.45283018867924,
            "percent_statements_covered_display": "92"
          },
          "missing_lines": [
            112,
            113,
            115,
            116
          ],
          "excluded_lines": []
        }
      }
    }
  },
  "totals": {
    "covered_lines": 594,
    "num_statements": 648,
    "percent_covered": 91.66666666666667,
    "percent_covered_display": "92",
    "missing_lines": 54,
    "excluded_lines": 7,
    "percent_statements_covered": 91.66666666666667,
    "percent_statements_covered_display": "92"
  },
  "doc_id": "DOC-CONFIG-COVERAGE-268"
}
