<?xml version="1.0" encoding="utf-8"?><testsuites name="pytest tests"><testsuite name="pytest" errors="5" failures="0" skipped="1" tests="6" time="2.443" timestamp="2025-12-04T04:41:38.737488-06:00" hostname="HPROBOOK450"><testcase classname="" name="tests.ast_analysis.test_parser" time="0.000"><error message="collection failure">ImportError while importing test module 'C:\Users\richg\ALL_AI\Complete AI Development Pipeline – Canonical Phase Plan\tests\ast_analysis\test_parser.py'.
Hint: make sure your test modules/packages have valid Python names.
Traceback:
..\..\AppData\Local\Programs\Python\Python312\Lib\importlib\__init__.py:90: in import_module
    return _bootstrap._gcd_import(name[level:], package, level)
           ^^^^^^^^^^^^^^^^^^^^^^^^^^^^^^^^^^^^^^^^^^^^^^^^^^^^
tests\ast_analysis\test_parser.py:12: in &lt;module&gt;
    from core.ast.parser import ASTParser, create_parser
core\ast\parser.py:12: in &lt;module&gt;
    import tree_sitter_javascript as tsjavascript
E   ModuleNotFoundError: No module named 'tree_sitter_javascript'</error></testcase><testcase classname="" name="tests.ast_analysis.test_python" time="0.000"><error message="collection failure">ImportError while importing test module 'C:\Users\richg\ALL_AI\Complete AI Development Pipeline – Canonical Phase Plan\tests\ast_analysis\test_python.py'.
Hint: make sure your test modules/packages have valid Python names.
Traceback:
..\..\AppData\Local\Programs\Python\Python312\Lib\importlib\__init__.py:90: in import_module
    return _bootstrap._gcd_import(name[level:], package, level)
           ^^^^^^^^^^^^^^^^^^^^^^^^^^^^^^^^^^^^^^^^^^^^^^^^^^^^
tests\ast_analysis\test_python.py:9: in &lt;module&gt;
    from core.ast.languages.python import PythonExtractor
core\ast\languages\__init__.py:9: in &lt;module&gt;
    from .python import PythonExtractor
core\ast\languages\python.py:11: in &lt;module&gt;
    from tree_sitter import Node, Tree
E   ModuleNotFoundError: No module named 'tree_sitter'</error></testcase><testcase classname="" name="tests.autonomous.test_reflexion" time="0.000"><error message="collection failure">C:\Tools\pipx\home\venvs\pytest\Lib\site-packages\_pytest\python.py:507: in importtestmodule
    mod = import_path(
C:\Tools\pipx\home\venvs\pytest\Lib\site-packages\_pytest\pathlib.py:587: in import_path
    importlib.import_module(module_name)
..\..\AppData\Local\Programs\Python\Python312\Lib\importlib\__init__.py:90: in import_module
    return _bootstrap._gcd_import(name[level:], package, level)
           ^^^^^^^^^^^^^^^^^^^^^^^^^^^^^^^^^^^^^^^^^^^^^^^^^^^^
&lt;frozen importlib._bootstrap&gt;:1387: in _gcd_import
    ???
&lt;frozen importlib._bootstrap&gt;:1360: in _find_and_load
    ???
&lt;frozen importlib._bootstrap&gt;:1331: in _find_and_load_unlocked
    ???
&lt;frozen importlib._bootstrap&gt;:935: in _load_unlocked
    ???
C:\Tools\pipx\home\venvs\pytest\Lib\site-packages\_pytest\assertion\rewrite.py:197: in exec_module
    exec(co, module.__dict__)
tests\autonomous\test_reflexion.py:3: in &lt;module&gt;
    from core.autonomous import ErrorAnalyzer, FixGenerator, ReflexionLoop
core\autonomous\__init__.py:4: in &lt;module&gt;
    from .fix_generator import FixGenerator
E     File "C:\Users\richg\ALL_AI\Complete AI Development Pipeline – Canonical Phase Plan\core\autonomous\fix_generator.py", line 22
E       def _default_fix(errors: List[ParsedError], attempt: int) -&gt; Dict[str, str]:
E   IndentationError: unexpected unindent</error></testcase><testcase classname="" name="tests.bootstrap.test_validator" time="0.000"><skipped message="collection skipped">('C:\\Users\\richg\\ALL_AI\\Complete AI Development Pipeline – Canonical Phase Plan\\tests\\bootstrap\\test_validator.py', 5, "Skipped: could not import 'jsonschema': No module named 'jsonschema'")</skipped></testcase><testcase classname="" name="tests.core.state.test_dag_utils" time="0.000"><error message="collection failure">ImportError while importing test module 'C:\Users\richg\ALL_AI\Complete AI Development Pipeline – Canonical Phase Plan\tests\core\state\test_dag_utils.py'.
Hint: make sure your test modules/packages have valid Python names.
Traceback:
..\..\AppData\Local\Programs\Python\Python312\Lib\importlib\__init__.py:90: in import_module
    return _bootstrap._gcd_import(name[level:], package, level)
           ^^^^^^^^^^^^^^^^^^^^^^^^^^^^^^^^^^^^^^^^^^^^^^^^^^^^
tests\core\state\test_dag_utils.py:8: in &lt;module&gt;
    from modules.core_state import m010003_dag_utils as dag_utils
E   ModuleNotFoundError: No module named 'modules'</error></testcase><testcase classname="" name="tests.gui.tui_panel_framework.test_layout_manager" time="0.000"><error message="collection failure">ImportError while importing test module 'C:\Users\richg\ALL_AI\Complete AI Development Pipeline – Canonical Phase Plan\tests\gui\tui_panel_framework\test_layout_manager.py'.
Hint: make sure your test modules/packages have valid Python names.
Traceback:
..\..\AppData\Local\Programs\Python\Python312\Lib\importlib\__init__.py:90: in import_module
    return _bootstrap._gcd_import(name[level:], package, level)
           ^^^^^^^^^^^^^^^^^^^^^^^^^^^^^^^^^^^^^^^^^^^^^^^^^^^^
tests\gui\tui_panel_framework\test_layout_manager.py:4: in &lt;module&gt;
    from gui.tui_app.core.layout_manager import BasicLayoutManager
E   ModuleNotFoundError: No module named 'gui.tui_app'</error></testcase></testsuite></testsuites>
