---
doc_id: DOC-GUIDE-PYTEST-STABLE-TESTS-720
---

============================= test session starts =============================
platform win32 -- Python 3.12.10, pytest-9.0.0, pluggy-1.6.0 -- C:\Tools\pipx\home\venvs\pytest\Scripts\python.exe
cachedir: .pytest_cache
rootdir: C:\Users\richg\ALL_AI\Complete AI Development Pipeline ΓÇô Canonical Phase Plan
configfile: pytest.ini (WARNING: ignoring pytest config in pyproject.toml!)
collecting ... collected 0 items

============================ no tests ran in 0.00s ============================
ERROR: file or directory not found: tests/glossary
